2023-05-02 00:01:22.489 febs [http-nio-9527-exec-4] INFO  c.m.f.common.authentication.JWTUtil - token is valid
2023-05-02 00:01:22.503 febs [http-nio-9527-exec-4] INFO  p6spy - 2023-05-02 00:01:22 | 耗时 0 ms | SQL 语句：
SELECT ri.id, ri.code, ri.content, ri.images, ri.worker, ri.repair_status AS repairStatus, ri.create_date AS createDate, oi.name, oi.phone, tu.LAST_LOGIN_TIME AS lastTime, hi.address, hi.number, hi.floor, wi.name AS workerName, wi.phone AS workerPhone, wi.image AS workerImage FROM repair_info ri LEFT JOIN t_user tu ON ( tu.USER_ID = ri.user_id ) LEFT JOIN owner_info oi ON ( oi.user_id = tu.USER_ID ) LEFT JOIN houses_info hi ON ( hi.id = ri.houses_id ) LEFT JOIN worker_info wi ON ( wi.id = ri.worker ) WHERE 1 = 1 AND ri.id = 5;
2023-05-02 00:02:24.843 febs [http-nio-9527-exec-10] INFO  c.m.f.common.authentication.JWTUtil - token is valid
2023-05-02 00:02:24.902 febs [http-nio-9527-exec-10] INFO  p6spy - 2023-05-02 00:02:24 | 耗时 4 ms | SQL 语句：
UPDATE repair_info SET repair_status=2 WHERE ID = 5;
2023-05-02 00:02:24.948 febs [http-nio-9527-exec-1] INFO  c.m.f.common.authentication.JWTUtil - token is valid
2023-05-02 00:02:24.956 febs [http-nio-9527-exec-1] INFO  p6spy - 2023-05-02 00:02:24 | 耗时 6 ms | SQL 语句：
SELECT hi.id, hi.address, hi.building_id AS buildingId, hi.number, hi.floor, hi.usage_area AS usageArea, hi.surface_area AS surfaceArea, hi.nature, hi.rooms, hi.staff_id AS staffId, hi.owner_id AS ownerId, hi.buyer, hi.create_date AS createDate, oi.name, oi.phone, oi.id_number AS idNumber, bi.name AS buildName, bi.address AS buildAddress, bi.street, bi.community, bi.usage_area AS buildUsageArea, bi.surface_area AS buildSurfaceArea, bi.type, bi.rooms AS buildRooms, bi.units, bi.layers, bi.images, wi.name AS workerName, wi.phone AS workerPhone, wi.image AS workerImage, ri.id AS repairId, ri.repair_status AS repairStatus FROM houses_info hi LEFT JOIN building_info bi ON ( bi.id = hi.building_id ) LEFT JOIN owner_info oi ON ( oi.id = hi.owner_id ) LEFT JOIN worker_info wi ON (wi.id = hi.staff_id) LEFT JOIN repair_info ri ON (ri.houses_id = hi.id) AND ri.repair_status != 2 WHERE 1 = 1 AND oi.user_id = 16;
2023-05-02 00:10:38.366 febs [http-nio-9527-exec-4] INFO  c.m.febs.common.aspect.LimitAspect - IP:127.0.0.1 第 1 次访问key为 [limit_login127.0.0.1]，描述为 [登录接口] 的接口
2023-05-02 00:10:38.372 febs [http-nio-9527-exec-4] INFO  p6spy - 2023-05-02 00:10:38 | 耗时 1 ms | SQL 语句：
UPDATE t_user SET last_login_time='2023-05-02T00:10:38.368+0800' WHERE username = 'fank';
2023-05-02 00:10:38.376 febs [http-nio-9527-exec-4] INFO  p6spy - 2023-05-02 00:10:38 | 耗时 3 ms | SQL 语句：
SELECT u.user_id userId, u.username, u.password, u.email, u.mobile, u. STATUS, u.create_time createTime, u.ssex, d.dept_id deptId, d.dept_name deptName, u.AVATAR, u.DESCRIPTION, u.LAST_LOGIN_TIME lastLoginTime, GROUP_CONCAT(r.role_id) roleId, GROUP_CONCAT(r.ROLE_NAME) roleName FROM t_user u LEFT JOIN t_dept d ON (u.dept_id = d.dept_id) LEFT JOIN t_user_role ur ON (u.user_id = ur.user_id) LEFT JOIN t_role r ON r.role_id = ur.role_id WHERE u.username = 'fank' group by u.username, u.user_id, u.password, u.email, u.mobile, u.STATUS, u.create_time, u.ssex, d.dept_id, d.dept_name, u.AVATAR, u.DESCRIPTION, u.LAST_LOGIN_TIME;
2023-05-02 00:10:38.391 febs [http-nio-9527-exec-4] INFO  p6spy - 2023-05-02 00:10:38 | 耗时 1 ms | SQL 语句：
INSERT INTO t_login_log ( username, login_time, location, ip ) VALUES ( 'fank', '2023-05-02T00:10:38.382+0800', '', '127.0.0.1' );
2023-05-02 00:10:38.409 febs [http-nio-9527-exec-3] INFO  c.m.f.common.authentication.JWTUtil - token is valid
2023-05-02 00:10:38.412 febs [http-nio-9527-exec-3] INFO  p6spy - 2023-05-02 00:10:38 | 耗时 1 ms | SQL 语句：
select m.* from t_menu m where m.type <> 1 and m.MENU_ID in (select distinct rm.menu_id from t_role_menu rm left join t_role r on (rm.role_id = r.role_id) left join t_user_role ur on (ur.role_id = r.role_id) left join t_user u on (u.user_id = ur.user_id) where u.username = 'fank') order by m.order_num;
2023-05-02 00:10:38.558 febs [http-nio-9527-exec-1] INFO  c.m.f.common.authentication.JWTUtil - token is valid
2023-05-02 00:10:38.560 febs [http-nio-9527-exec-5] INFO  c.m.f.common.authentication.JWTUtil - token is valid
2023-05-02 00:10:38.562 febs [http-nio-9527-exec-1] INFO  p6spy - 2023-05-02 00:10:38 | 耗时 2 ms | SQL 语句：
SELECT COUNT( 1 ) FROM owner_info;
2023-05-02 00:10:38.564 febs [http-nio-9527-exec-5] INFO  p6spy - 2023-05-02 00:10:38 | 耗时 1 ms | SQL 语句：
select count(1) from t_login_log;
2023-05-02 00:10:38.564 febs [http-nio-9527-exec-1] INFO  p6spy - 2023-05-02 00:10:38 | 耗时 1 ms | SQL 语句：
SELECT COUNT( 1 ) FROM houses_info;
2023-05-02 00:10:38.565 febs [http-nio-9527-exec-5] INFO  p6spy - 2023-05-02 00:10:38 | 耗时 1 ms | SQL 语句：
select count(1) from t_login_log where datediff(login_time,now())=0;
2023-05-02 00:10:38.568 febs [http-nio-9527-exec-5] INFO  p6spy - 2023-05-02 00:10:38 | 耗时 1 ms | SQL 语句：
select count(distinct(ip)) from t_login_log where datediff(login_time,now())=0;
2023-05-02 00:10:38.570 febs [http-nio-9527-exec-1] INFO  p6spy - 2023-05-02 00:10:38 | 耗时 5 ms | SQL 语句：
SELECT * FROM ( SELECT IFNULL(SUM( pm.price ), 0) AS received FROM payment_manage pm ) AS on1, ( SELECT IFNULL(SUM( pm.price ),0) AS advance FROM payment_manage pm, payment_record pr WHERE pr.payment_id = pm.id ) AS on2;
2023-05-02 00:10:38.570 febs [http-nio-9527-exec-5] INFO  p6spy - 2023-05-02 00:10:38 | 耗时 0 ms | SQL 语句：
select date_format(l.login_time, '%m-%d') days, count(1) count from ( select * from t_login_log where date_sub(curdate(), interval 7 day) <= date(login_time) ) as l where 1 = 1 group by days;
2023-05-02 00:10:38.571 febs [http-nio-9527-exec-5] INFO  p6spy - 2023-05-02 00:10:38 | 耗时 0 ms | SQL 语句：
select date_format(l.login_time, '%m-%d') days, count(1) count from ( select * from t_login_log where date_sub(curdate(), interval 7 day) <= date(login_time) ) as l where 1 = 1 and l.username = 'fank' group by days;
2023-05-02 00:10:38.573 febs [http-nio-9527-exec-1] INFO  p6spy - 2023-05-02 00:10:38 | 耗时 2 ms | SQL 语句：
SELECT ID,title,content,date,images,publisher FROM bulletin_info;
2023-05-02 00:10:38.581 febs [http-nio-9527-exec-1] INFO  p6spy - 2023-05-02 00:10:38 | 耗时 6 ms | SQL 语句：
SELECT * FROM (SELECT IFNULL(SUM( pm.price ) ,0) AS month1 FROM payment_manage pm WHERE DATE_FORMAT( concat( pm.`year`, '-', pm.`month`, '-', '01' ), '%Y-%m' ) = DATE_FORMAT(concat( DATE_FORMAT( NOW(), '%Y' ), '-', '1', '-', '01' ), '%Y-%m')) AS on1, (SELECT IFNULL(SUM( pm.price ) ,0) AS month2 FROM payment_manage pm WHERE DATE_FORMAT( concat( pm.`year`, '-', pm.`month`, '-', '01' ), '%Y-%m' ) = DATE_FORMAT(concat( DATE_FORMAT( NOW(), '%Y' ), '-', '2', '-', '01' ), '%Y-%m')) AS on2, (SELECT IFNULL(SUM( pm.price ) ,0) AS month3 FROM payment_manage pm WHERE DATE_FORMAT( concat( pm.`year`, '-', pm.`month`, '-', '01' ), '%Y-%m' ) = DATE_FORMAT(concat( DATE_FORMAT( NOW(), '%Y' ), '-', '3', '-', '01' ), '%Y-%m')) AS on3, (SELECT IFNULL(SUM( pm.price ) ,0) AS month4 FROM payment_manage pm WHERE DATE_FORMAT( concat( pm.`year`, '-', pm.`month`, '-', '01' ), '%Y-%m' ) = DATE_FORMAT(concat( DATE_FORMAT( NOW(), '%Y' ), '-', '4', '-', '01' ), '%Y-%m')) AS on12, (SELECT IFNULL(SUM( pm.price ) ,0) AS month5 FROM payment_manage pm WHERE DATE_FORMAT( concat( pm.`year`, '-', pm.`month`, '-', '01' ), '%Y-%m' ) = DATE_FORMAT(concat( DATE_FORMAT( NOW(), '%Y' ), '-', '5', '-', '01' ), '%Y-%m')) AS on4, (SELECT IFNULL(SUM( pm.price ) ,0) AS month6 FROM payment_manage pm WHERE DATE_FORMAT( concat( pm.`year`, '-', pm.`month`, '-', '01' ), '%Y-%m' ) = DATE_FORMAT(concat( DATE_FORMAT( NOW(), '%Y' ), '-', '6', '-', '01' ), '%Y-%m')) AS on5, (SELECT IFNULL(SUM( pm.price ) ,0) AS month7 FROM payment_manage pm WHERE DATE_FORMAT( concat( pm.`year`, '-', pm.`month`, '-', '01' ), '%Y-%m' ) = DATE_FORMAT(concat( DATE_FORMAT( NOW(), '%Y' ), '-', '7', '-', '01' ), '%Y-%m')) AS on6, (SELECT IFNULL(SUM( pm.price ) ,0) AS month8 FROM payment_manage pm WHERE DATE_FORMAT( concat( pm.`year`, '-', pm.`month`, '-', '01' ), '%Y-%m' ) = DATE_FORMAT(concat( DATE_FORMAT( NOW(), '%Y' ), '-', '8', '-', '01' ), '%Y-%m')) AS on7, (SELECT IFNULL(SUM( pm.price ) ,0) AS month9 FROM payment_manage pm WHERE DATE_FORMAT( concat( pm.`year`, '-', pm.`month`, '-', '01' ), '%Y-%m' ) = DATE_FORMAT(concat( DATE_FORMAT( NOW(), '%Y' ), '-', '9', '-', '01' ), '%Y-%m')) AS on8, (SELECT IFNULL(SUM( pm.price ) ,0) AS month10 FROM payment_manage pm WHERE DATE_FORMAT( concat( pm.`year`, '-', pm.`month`, '-', '01' ), '%Y-%m' ) = DATE_FORMAT(concat( DATE_FORMAT( NOW(), '%Y' ), '-', '10', '-', '01' ), '%Y-%m')) AS on9, (SELECT IFNULL(SUM( pm.price ) ,0) AS month11 FROM payment_manage pm WHERE DATE_FORMAT( concat( pm.`year`, '-', pm.`month`, '-', '01' ), '%Y-%m' ) = DATE_FORMAT(concat( DATE_FORMAT( NOW(), '%Y' ), '-', '11', '-', '01' ), '%Y-%m')) AS on10, (SELECT IFNULL(SUM( pm.price ) ,0) AS month12 FROM payment_manage pm WHERE DATE_FORMAT( concat( pm.`year`, '-', pm.`month`, '-', '01' ), '%Y-%m' ) = DATE_FORMAT(concat( DATE_FORMAT( NOW(), '%Y' ), '-', '12', '-', '01' ), '%Y-%m')) AS on11;
2023-05-02 00:10:38.582 febs [http-nio-9527-exec-1] INFO  p6spy - 2023-05-02 00:10:38 | 耗时 0 ms | SQL 语句：
SELECT COUNT( 1 ) AS num, CASE nature WHEN 1 THEN '住宅楼房' WHEN 2 THEN '社区用处' END AS nature FROM houses_info hi GROUP BY hi.nature;
2023-05-02 00:10:38.584 febs [http-nio-9527-exec-1] INFO  p6spy - 2023-05-02 00:10:38 | 耗时 1 ms | SQL 语句：
SELECT COUNT( 1 ) FROM building_info;
2023-05-02 00:10:38.587 febs [http-nio-9527-exec-1] INFO  p6spy - 2023-05-02 00:10:38 | 耗时 1 ms | SQL 语句：
select count(*) from building_info where type = 2;
2023-05-02 00:16:29.081 febs [http-nio-9527-exec-3] INFO  c.m.f.common.authentication.JWTUtil - token is valid
2023-05-02 00:16:29.081 febs [http-nio-9527-exec-7] INFO  c.m.f.common.authentication.JWTUtil - token is valid
2023-05-02 00:16:29.084 febs [http-nio-9527-exec-3] INFO  p6spy - 2023-05-02 00:16:29 | 耗时 0 ms | SQL 语句：
SELECT ID,name,phone,image,type,create_date FROM worker_info WHERE type = 2;
2023-05-02 00:16:29.088 febs [http-nio-9527-exec-7] INFO  p6spy - 2023-05-02 00:16:29 | 耗时 1 ms | SQL 语句：
SELECT COUNT(1) FROM repair_info ri LEFT JOIN t_user tu ON (tu.USER_ID = ri.user_id) LEFT JOIN owner_info oi ON (oi.user_id = tu.USER_ID) LEFT JOIN houses_info hi ON (hi.id = ri.houses_id) LEFT JOIN worker_info wi ON (wi.id = ri.worker) WHERE 1 = 1;
2023-05-02 00:16:29.090 febs [http-nio-9527-exec-7] INFO  p6spy - 2023-05-02 00:16:29 | 耗时 1 ms | SQL 语句：
SELECT ri.id, ri.code, ri.content, ri.images, ri.worker, ri.repair_status AS repairStatus, ri.create_date AS createDate, oi.name, oi.phone, tu.LAST_LOGIN_TIME AS lastTime, hi.address, hi.number, hi.floor, wi.name AS workerName, wi.phone AS workerPhone, wi.image AS workerImage FROM repair_info ri LEFT JOIN t_user tu ON ( tu.USER_ID = ri.user_id ) LEFT JOIN owner_info oi ON ( oi.user_id = tu.USER_ID ) LEFT JOIN houses_info hi ON ( hi.id = ri.houses_id ) LEFT JOIN worker_info wi ON ( wi.id = ri.worker ) WHERE 1 = 1 ORDER BY ri.create_date LIMIT 0,10;
2023-05-02 00:18:40.571 febs [http-nio-9527-exec-1] INFO  c.m.f.common.authentication.JWTUtil - token is valid
2023-05-02 00:18:40.584 febs [http-nio-9527-exec-1] INFO  p6spy - 2023-05-02 00:18:40 | 耗时 1 ms | SQL 语句：
SELECT COUNT(1) FROM repair_info ri LEFT JOIN t_user tu ON (tu.USER_ID = ri.user_id) LEFT JOIN owner_info oi ON (oi.user_id = tu.USER_ID) LEFT JOIN houses_info hi ON (hi.id = ri.houses_id) LEFT JOIN worker_info wi ON (wi.id = ri.worker) WHERE 1 = 1 AND ri.repair_status = 1;
2023-05-02 00:18:40.586 febs [http-nio-9527-exec-1] INFO  p6spy - 2023-05-02 00:18:40 | 耗时 1 ms | SQL 语句：
SELECT ri.id, ri.code, ri.content, ri.images, ri.worker, ri.repair_status AS repairStatus, ri.create_date AS createDate, oi.name, oi.phone, tu.LAST_LOGIN_TIME AS lastTime, hi.address, hi.number, hi.floor, wi.name AS workerName, wi.phone AS workerPhone, wi.image AS workerImage FROM repair_info ri LEFT JOIN t_user tu ON ( tu.USER_ID = ri.user_id ) LEFT JOIN owner_info oi ON ( oi.user_id = tu.USER_ID ) LEFT JOIN houses_info hi ON ( hi.id = ri.houses_id ) LEFT JOIN worker_info wi ON ( wi.id = ri.worker ) WHERE 1 = 1 AND ri.repair_status = 1 ORDER BY ri.create_date LIMIT 0,10;
2023-05-02 00:19:44.132 febs [http-nio-9527-exec-8] INFO  c.m.f.common.authentication.JWTUtil - token is valid
2023-05-02 00:19:44.136 febs [http-nio-9527-exec-8] INFO  p6spy - 2023-05-02 00:19:44 | 耗时 0 ms | SQL 语句：
SELECT COUNT(1) FROM repair_info ri LEFT JOIN t_user tu ON (tu.USER_ID = ri.user_id) LEFT JOIN owner_info oi ON (oi.user_id = tu.USER_ID) LEFT JOIN houses_info hi ON (hi.id = ri.houses_id) LEFT JOIN worker_info wi ON (wi.id = ri.worker) WHERE 1 = 1;
2023-05-02 00:19:44.138 febs [http-nio-9527-exec-8] INFO  p6spy - 2023-05-02 00:19:44 | 耗时 0 ms | SQL 语句：
SELECT ri.id, ri.code, ri.content, ri.images, ri.worker, ri.repair_status AS repairStatus, ri.create_date AS createDate, oi.name, oi.phone, tu.LAST_LOGIN_TIME AS lastTime, hi.address, hi.number, hi.floor, wi.name AS workerName, wi.phone AS workerPhone, wi.image AS workerImage FROM repair_info ri LEFT JOIN t_user tu ON ( tu.USER_ID = ri.user_id ) LEFT JOIN owner_info oi ON ( oi.user_id = tu.USER_ID ) LEFT JOIN houses_info hi ON ( hi.id = ri.houses_id ) LEFT JOIN worker_info wi ON ( wi.id = ri.worker ) WHERE 1 = 1 ORDER BY ri.create_date LIMIT 0,10;
2023-05-02 00:20:56.039 febs [http-nio-9527-exec-7] INFO  c.m.f.common.authentication.JWTUtil - token is valid
2023-05-02 00:20:56.053 febs [http-nio-9527-exec-7] INFO  p6spy - 2023-05-02 00:20:56 | 耗时 7 ms | SQL 语句：
UPDATE repair_info SET code='ORD-1676549631688', content='又来了', repair_status=1, worker=1, create_date='2023-02-16 20:13:51' WHERE ID=4;
2023-05-02 00:20:56.109 febs [http-nio-9527-exec-2] INFO  c.m.f.common.authentication.JWTUtil - token is valid
2023-05-02 00:20:56.120 febs [http-nio-9527-exec-2] INFO  p6spy - 2023-05-02 00:20:56 | 耗时 8 ms | SQL 语句：
SELECT COUNT(1) FROM repair_info ri LEFT JOIN t_user tu ON (tu.USER_ID = ri.user_id) LEFT JOIN owner_info oi ON (oi.user_id = tu.USER_ID) LEFT JOIN houses_info hi ON (hi.id = ri.houses_id) LEFT JOIN worker_info wi ON (wi.id = ri.worker) WHERE 1 = 1;
2023-05-02 00:20:56.123 febs [http-nio-9527-exec-2] INFO  p6spy - 2023-05-02 00:20:56 | 耗时 1 ms | SQL 语句：
SELECT ri.id, ri.code, ri.content, ri.images, ri.worker, ri.repair_status AS repairStatus, ri.create_date AS createDate, oi.name, oi.phone, tu.LAST_LOGIN_TIME AS lastTime, hi.address, hi.number, hi.floor, wi.name AS workerName, wi.phone AS workerPhone, wi.image AS workerImage FROM repair_info ri LEFT JOIN t_user tu ON ( tu.USER_ID = ri.user_id ) LEFT JOIN owner_info oi ON ( oi.user_id = tu.USER_ID ) LEFT JOIN houses_info hi ON ( hi.id = ri.houses_id ) LEFT JOIN worker_info wi ON ( wi.id = ri.worker ) WHERE 1 = 1 ORDER BY ri.create_date LIMIT 0,10;
2023-05-02 00:30:37.940 febs [scheduling-1] INFO  cc.mrbird.febs.common.task.CacheTask - delete expired user
2023-05-02 00:33:37.985 febs [http-nio-9527-exec-9] INFO  c.m.f.common.authentication.JWTUtil - token is valid
2023-05-02 00:33:38.010 febs [http-nio-9527-exec-9] INFO  p6spy - 2023-05-02 00:33:38 | 耗时 2 ms | SQL 语句：
UPDATE repair_info SET code='ORD-1676549631688', content='又来了', repair_status=1, worker=1, create_date='2023-02-16 20:13:51' WHERE ID=4;
2023-05-02 00:33:38.067 febs [http-nio-9527-exec-8] INFO  c.m.f.common.authentication.JWTUtil - token is valid
2023-05-02 00:33:38.089 febs [http-nio-9527-exec-8] INFO  p6spy - 2023-05-02 00:33:38 | 耗时 9 ms | SQL 语句：
SELECT COUNT(1) FROM repair_info ri LEFT JOIN t_user tu ON (tu.USER_ID = ri.user_id) LEFT JOIN owner_info oi ON (oi.user_id = tu.USER_ID) LEFT JOIN houses_info hi ON (hi.id = ri.houses_id) LEFT JOIN worker_info wi ON (wi.id = ri.worker) WHERE 1 = 1;
2023-05-02 00:33:38.095 febs [http-nio-9527-exec-8] INFO  p6spy - 2023-05-02 00:33:38 | 耗时 1 ms | SQL 语句：
SELECT ri.id, ri.code, ri.content, ri.images, ri.worker, ri.repair_status AS repairStatus, ri.create_date AS createDate, oi.name, oi.phone, tu.LAST_LOGIN_TIME AS lastTime, hi.address, hi.number, hi.floor, wi.name AS workerName, wi.phone AS workerPhone, wi.image AS workerImage FROM repair_info ri LEFT JOIN t_user tu ON ( tu.USER_ID = ri.user_id ) LEFT JOIN owner_info oi ON ( oi.user_id = tu.USER_ID ) LEFT JOIN houses_info hi ON ( hi.id = ri.houses_id ) LEFT JOIN worker_info wi ON ( wi.id = ri.worker ) WHERE 1 = 1 ORDER BY ri.create_date LIMIT 0,10;
2023-05-02 00:53:23.711 febs [Thread-34] INFO  org.quartz.core.QuartzScheduler - Scheduler MyScheduler_$_DESKTOP-ITVOUJ51682821880397 paused.
2023-05-02 00:53:23.733 febs [Thread-34] INFO  o.s.s.c.ThreadPoolTaskScheduler - Shutting down ExecutorService 'taskScheduler'
2023-05-02 00:53:23.902 febs [Thread-34] INFO  o.s.s.c.ThreadPoolTaskExecutor - Shutting down ExecutorService 'taskExecutor'
2023-05-02 00:53:23.902 febs [Thread-34] INFO  o.s.s.quartz.SchedulerFactoryBean - Shutting down Quartz Scheduler
2023-05-02 00:53:23.903 febs [Thread-34] INFO  org.quartz.core.QuartzScheduler - Scheduler MyScheduler_$_DESKTOP-ITVOUJ51682821880397 shutting down.
2023-05-02 00:53:23.903 febs [Thread-34] INFO  org.quartz.core.QuartzScheduler - Scheduler MyScheduler_$_DESKTOP-ITVOUJ51682821880397 paused.
2023-05-02 00:53:23.911 febs [Thread-34] INFO  org.quartz.core.QuartzScheduler - Scheduler MyScheduler_$_DESKTOP-ITVOUJ51682821880397 shutdown complete.
2023-05-02 00:53:23.930 febs [Thread-34] INFO  c.b.d.d.DynamicRoutingDataSource - closing dynamicDatasource  ing....
2023-05-02 00:53:23.938 febs [Thread-34] INFO  com.zaxxer.hikari.HikariDataSource - primary - Shutdown initiated...
2023-05-02 00:53:23.943 febs [Thread-34] INFO  com.zaxxer.hikari.HikariDataSource - primary - Shutdown completed.
