2023-04-13 16:44:22.358 febs [main] INFO  cc.mrbird.febs.FebsApplication - Starting FebsApplication on DESKTOP-ITVOUJ5 with PID 22348 (started by DELL in E:\Project\小区物业管理系统\backend)
2023-04-13 16:44:22.362 febs [main] INFO  cc.mrbird.febs.FebsApplication - No active profile set, falling back to default profiles: default
2023-04-13 16:44:24.281 febs [main] INFO  o.s.d.r.c.RepositoryConfigurationDelegate - Multiple Spring Data modules found, entering strict repository configuration mode!
2023-04-13 16:44:24.285 febs [main] INFO  o.s.d.r.c.RepositoryConfigurationDelegate - Bootstrapping Spring Data repositories in DEFAULT mode.
2023-04-13 16:44:24.378 febs [main] INFO  o.s.d.r.c.RepositoryConfigurationDelegate - Finished Spring Data repository scanning in 68ms. Found 0 repository interfaces.
2023-04-13 16:44:24.859 febs [main] INFO  o.s.c.s.PostProcessorRegistrationDelegate$BeanPostProcessorChecker - Bean 'asyncExecutorPoolConfig' of type [cc.mrbird.febs.common.config.AsyncExecutorPoolConfig$$EnhancerBySpringCGLIB$$b5cbe6e7] is not eligible for getting processed by all BeanPostProcessors (for example: not eligible for auto-proxying)
2023-04-13 16:44:25.157 febs [main] INFO  o.s.c.s.PostProcessorRegistrationDelegate$BeanPostProcessorChecker - Bean 'spring.datasource.dynamic-com.baomidou.dynamic.datasource.spring.boot.autoconfigure.DynamicDataSourceProperties' of type [com.baomidou.dynamic.datasource.spring.boot.autoconfigure.DynamicDataSourceProperties] is not eligible for getting processed by all BeanPostProcessors (for example: not eligible for auto-proxying)
2023-04-13 16:44:25.352 febs [main] INFO  o.s.c.s.PostProcessorRegistrationDelegate$BeanPostProcessorChecker - Bean 'com.baomidou.dynamic.datasource.spring.boot.autoconfigure.DynamicDataSourceAutoConfiguration' of type [com.baomidou.dynamic.datasource.spring.boot.autoconfigure.DynamicDataSourceAutoConfiguration$$EnhancerBySpringCGLIB$$901b328b] is not eligible for getting processed by all BeanPostProcessors (for example: not eligible for auto-proxying)
2023-04-13 16:44:25.391 febs [main] INFO  o.s.c.s.PostProcessorRegistrationDelegate$BeanPostProcessorChecker - Bean 'dsProcessor' of type [com.baomidou.dynamic.datasource.processor.DsHeaderProcessor] is not eligible for getting processed by all BeanPostProcessors (for example: not eligible for auto-proxying)
2023-04-13 16:44:25.406 febs [main] INFO  o.s.c.s.PostProcessorRegistrationDelegate$BeanPostProcessorChecker - Bean 'dynamicDatasourceAnnotationAdvisor' of type [com.baomidou.dynamic.datasource.aop.DynamicDataSourceAnnotationAdvisor] is not eligible for getting processed by all BeanPostProcessors (for example: not eligible for auto-proxying)
2023-04-13 16:44:25.452 febs [main] INFO  o.s.c.s.PostProcessorRegistrationDelegate$BeanPostProcessorChecker - Bean 'org.springframework.transaction.annotation.ProxyTransactionManagementConfiguration' of type [org.springframework.transaction.annotation.ProxyTransactionManagementConfiguration$$EnhancerBySpringCGLIB$$268cc1ba] is not eligible for getting processed by all BeanPostProcessors (for example: not eligible for auto-proxying)
2023-04-13 16:44:25.507 febs [main] INFO  o.s.c.s.PostProcessorRegistrationDelegate$BeanPostProcessorChecker - Bean 'shiroConfig' of type [cc.mrbird.febs.common.authentication.ShiroConfig$$EnhancerBySpringCGLIB$$920cc363] is not eligible for getting processed by all BeanPostProcessors (for example: not eligible for auto-proxying)
2023-04-13 16:44:26.852 febs [main] INFO  o.s.c.s.PostProcessorRegistrationDelegate$BeanPostProcessorChecker - Bean 'redisConfig' of type [cc.mrbird.febs.common.config.RedisConfig$$EnhancerBySpringCGLIB$$8ad17ab7] is not eligible for getting processed by all BeanPostProcessors (for example: not eligible for auto-proxying)
2023-04-13 16:44:26.999 febs [main] INFO  o.s.c.s.PostProcessorRegistrationDelegate$BeanPostProcessorChecker - Bean 'redisPoolFactory' of type [redis.clients.jedis.JedisPool] is not eligible for getting processed by all BeanPostProcessors (for example: not eligible for auto-proxying)
2023-04-13 16:44:27.007 febs [main] INFO  o.s.c.s.PostProcessorRegistrationDelegate$BeanPostProcessorChecker - Bean 'redisService' of type [cc.mrbird.febs.common.service.impl.RedisServiceImpl] is not eligible for getting processed by all BeanPostProcessors (for example: not eligible for auto-proxying)
2023-04-13 16:44:27.261 febs [main] INFO  o.s.c.s.PostProcessorRegistrationDelegate$BeanPostProcessorChecker - Bean 'mybatis-plus-com.baomidou.mybatisplus.autoconfigure.MybatisPlusProperties' of type [com.baomidou.mybatisplus.autoconfigure.MybatisPlusProperties] is not eligible for getting processed by all BeanPostProcessors (for example: not eligible for auto-proxying)
2023-04-13 16:44:27.281 febs [main] INFO  o.s.c.s.PostProcessorRegistrationDelegate$BeanPostProcessorChecker - Bean 'mybatisPlusConfig' of type [cc.mrbird.febs.common.config.MybatisPlusConfig$$EnhancerBySpringCGLIB$$78141dc9] is not eligible for getting processed by all BeanPostProcessors (for example: not eligible for auto-proxying)
2023-04-13 16:44:27.292 febs [main] INFO  o.s.c.s.PostProcessorRegistrationDelegate$BeanPostProcessorChecker - Bean 'paginationInterceptor' of type [com.baomidou.mybatisplus.extension.plugins.PaginationInterceptor] is not eligible for getting processed by all BeanPostProcessors (for example: not eligible for auto-proxying)
2023-04-13 16:44:27.314 febs [main] INFO  o.s.c.s.PostProcessorRegistrationDelegate$BeanPostProcessorChecker - Bean 'com.baomidou.mybatisplus.autoconfigure.MybatisPlusAutoConfiguration' of type [com.baomidou.mybatisplus.autoconfigure.MybatisPlusAutoConfiguration$$EnhancerBySpringCGLIB$$64552e54] is not eligible for getting processed by all BeanPostProcessors (for example: not eligible for auto-proxying)
2023-04-13 16:44:27.335 febs [main] INFO  o.s.c.s.PostProcessorRegistrationDelegate$BeanPostProcessorChecker - Bean 'dynamicDataSourceCreator' of type [com.baomidou.dynamic.datasource.DynamicDataSourceCreator] is not eligible for getting processed by all BeanPostProcessors (for example: not eligible for auto-proxying)
2023-04-13 16:44:27.342 febs [main] INFO  o.s.c.s.PostProcessorRegistrationDelegate$BeanPostProcessorChecker - Bean 'dynamicDataSourceProvider' of type [com.baomidou.dynamic.datasource.provider.YmlDynamicDataSourceProvider] is not eligible for getting processed by all BeanPostProcessors (for example: not eligible for auto-proxying)
2023-04-13 16:44:27.360 febs [main] INFO  c.b.d.d.DynamicRoutingDataSource - 动态数据源-检测到并开启了p6spy
2023-04-13 16:44:27.399 febs [main] INFO  com.zaxxer.hikari.HikariDataSource - primary - Starting...
2023-04-13 16:44:28.262 febs [main] INFO  com.zaxxer.hikari.HikariDataSource - primary - Start completed.
2023-04-13 16:44:28.262 febs [main] INFO  c.b.d.d.DynamicRoutingDataSource - 初始共加载 1 个数据源
2023-04-13 16:44:28.262 febs [main] INFO  c.b.d.d.DynamicRoutingDataSource - 动态数据源-加载 primary 成功
2023-04-13 16:44:28.262 febs [main] INFO  c.b.d.d.DynamicRoutingDataSource - 当前的默认数据源是单数据源，数据源名为 primary
2023-04-13 16:44:28.262 febs [main] INFO  o.s.c.s.PostProcessorRegistrationDelegate$BeanPostProcessorChecker - Bean 'dataSource' of type [com.baomidou.dynamic.datasource.DynamicRoutingDataSource] is not eligible for getting processed by all BeanPostProcessors (for example: not eligible for auto-proxying)
2023-04-13 16:44:28.282 febs [main] INFO  o.s.c.s.PostProcessorRegistrationDelegate$BeanPostProcessorChecker - Bean 'spring.datasource-org.springframework.boot.autoconfigure.jdbc.DataSourceProperties' of type [org.springframework.boot.autoconfigure.jdbc.DataSourceProperties] is not eligible for getting processed by all BeanPostProcessors (for example: not eligible for auto-proxying)
2023-04-13 16:44:28.294 febs [main] INFO  o.s.c.s.PostProcessorRegistrationDelegate$BeanPostProcessorChecker - Bean 'org.springframework.boot.autoconfigure.jdbc.DataSourceInitializerInvoker' of type [org.springframework.boot.autoconfigure.jdbc.DataSourceInitializerInvoker] is not eligible for getting processed by all BeanPostProcessors (for example: not eligible for auto-proxying)
2023-04-13 16:44:31.105 febs [main] INFO  o.s.c.s.PostProcessorRegistrationDelegate$BeanPostProcessorChecker - Bean 'sqlSessionFactory' of type [org.apache.ibatis.session.defaults.DefaultSqlSessionFactory] is not eligible for getting processed by all BeanPostProcessors (for example: not eligible for auto-proxying)
2023-04-13 16:44:31.134 febs [main] INFO  o.s.c.s.PostProcessorRegistrationDelegate$BeanPostProcessorChecker - Bean 'sqlSessionTemplate' of type [org.mybatis.spring.SqlSessionTemplate] is not eligible for getting processed by all BeanPostProcessors (for example: not eligible for auto-proxying)
2023-04-13 16:44:31.139 febs [main] INFO  o.s.c.s.PostProcessorRegistrationDelegate$BeanPostProcessorChecker - Bean 'roleMapper' of type [org.mybatis.spring.mapper.MapperFactoryBean] is not eligible for getting processed by all BeanPostProcessors (for example: not eligible for auto-proxying)
2023-04-13 16:44:31.142 febs [main] INFO  o.s.c.s.PostProcessorRegistrationDelegate$BeanPostProcessorChecker - Bean 'roleMapper' of type [com.sun.proxy.$Proxy109] is not eligible for getting processed by all BeanPostProcessors (for example: not eligible for auto-proxying)
2023-04-13 16:44:31.203 febs [main] INFO  o.s.c.s.PostProcessorRegistrationDelegate$BeanPostProcessorChecker - Bean 'roleMenuMapper' of type [org.mybatis.spring.mapper.MapperFactoryBean] is not eligible for getting processed by all BeanPostProcessors (for example: not eligible for auto-proxying)
2023-04-13 16:44:31.205 febs [main] INFO  o.s.c.s.PostProcessorRegistrationDelegate$BeanPostProcessorChecker - Bean 'roleMenuMapper' of type [com.sun.proxy.$Proxy111] is not eligible for getting processed by all BeanPostProcessors (for example: not eligible for auto-proxying)
2023-04-13 16:44:31.221 febs [main] INFO  o.s.c.s.PostProcessorRegistrationDelegate$BeanPostProcessorChecker - Bean 'userRoleMapper' of type [org.mybatis.spring.mapper.MapperFactoryBean] is not eligible for getting processed by all BeanPostProcessors (for example: not eligible for auto-proxying)
2023-04-13 16:44:31.223 febs [main] INFO  o.s.c.s.PostProcessorRegistrationDelegate$BeanPostProcessorChecker - Bean 'userRoleMapper' of type [com.sun.proxy.$Proxy112] is not eligible for getting processed by all BeanPostProcessors (for example: not eligible for auto-proxying)
2023-04-13 16:44:31.225 febs [main] INFO  o.s.c.s.PostProcessorRegistrationDelegate$BeanPostProcessorChecker - Bean 'userRoleService' of type [cc.mrbird.febs.system.service.impl.UserRoleServiceImpl] is not eligible for getting processed by all BeanPostProcessors (for example: not eligible for auto-proxying)
2023-04-13 16:44:31.322 febs [main] INFO  o.s.c.s.PostProcessorRegistrationDelegate$BeanPostProcessorChecker - Bean 'roleMenuService' of type [cc.mrbird.febs.system.service.impl.RoleMenuServiceImpl] is not eligible for getting processed by all BeanPostProcessors (for example: not eligible for auto-proxying)
2023-04-13 16:44:31.376 febs [main] INFO  o.s.c.s.PostProcessorRegistrationDelegate$BeanPostProcessorChecker - Bean 'roleService' of type [cc.mrbird.febs.system.service.impl.RoleServiceImpl] is not eligible for getting processed by all BeanPostProcessors (for example: not eligible for auto-proxying)
2023-04-13 16:44:31.454 febs [main] INFO  o.s.c.s.PostProcessorRegistrationDelegate$BeanPostProcessorChecker - Bean 'menuMapper' of type [org.mybatis.spring.mapper.MapperFactoryBean] is not eligible for getting processed by all BeanPostProcessors (for example: not eligible for auto-proxying)
2023-04-13 16:44:31.457 febs [main] INFO  o.s.c.s.PostProcessorRegistrationDelegate$BeanPostProcessorChecker - Bean 'menuMapper' of type [com.sun.proxy.$Proxy116] is not eligible for getting processed by all BeanPostProcessors (for example: not eligible for auto-proxying)
2023-04-13 16:44:31.461 febs [main] INFO  o.s.c.s.PostProcessorRegistrationDelegate$BeanPostProcessorChecker - Bean 'menuService' of type [cc.mrbird.febs.system.service.impl.MenuServiceImpl] is not eligible for getting processed by all BeanPostProcessors (for example: not eligible for auto-proxying)
2023-04-13 16:44:31.498 febs [main] INFO  o.s.c.s.PostProcessorRegistrationDelegate$BeanPostProcessorChecker - Bean 'userMapper' of type [org.mybatis.spring.mapper.MapperFactoryBean] is not eligible for getting processed by all BeanPostProcessors (for example: not eligible for auto-proxying)
2023-04-13 16:44:31.500 febs [main] INFO  o.s.c.s.PostProcessorRegistrationDelegate$BeanPostProcessorChecker - Bean 'userMapper' of type [com.sun.proxy.$Proxy118] is not eligible for getting processed by all BeanPostProcessors (for example: not eligible for auto-proxying)
2023-04-13 16:44:31.541 febs [main] INFO  o.s.c.s.PostProcessorRegistrationDelegate$BeanPostProcessorChecker - Bean 'userConfigMapper' of type [org.mybatis.spring.mapper.MapperFactoryBean] is not eligible for getting processed by all BeanPostProcessors (for example: not eligible for auto-proxying)
2023-04-13 16:44:31.543 febs [main] INFO  o.s.c.s.PostProcessorRegistrationDelegate$BeanPostProcessorChecker - Bean 'userConfigMapper' of type [com.sun.proxy.$Proxy119] is not eligible for getting processed by all BeanPostProcessors (for example: not eligible for auto-proxying)
2023-04-13 16:44:31.549 febs [main] INFO  o.s.c.s.PostProcessorRegistrationDelegate$BeanPostProcessorChecker - Bean 'userConfigService' of type [cc.mrbird.febs.system.service.impl.UserConfigServiceImpl] is not eligible for getting processed by all BeanPostProcessors (for example: not eligible for auto-proxying)
2023-04-13 16:44:31.588 febs [main] INFO  o.s.c.s.PostProcessorRegistrationDelegate$BeanPostProcessorChecker - Bean 'ownerInfoMapper' of type [org.mybatis.spring.mapper.MapperFactoryBean] is not eligible for getting processed by all BeanPostProcessors (for example: not eligible for auto-proxying)
2023-04-13 16:44:31.591 febs [main] INFO  o.s.c.s.PostProcessorRegistrationDelegate$BeanPostProcessorChecker - Bean 'ownerInfoMapper' of type [com.sun.proxy.$Proxy121] is not eligible for getting processed by all BeanPostProcessors (for example: not eligible for auto-proxying)
2023-04-13 16:44:31.593 febs [main] INFO  o.s.c.s.PostProcessorRegistrationDelegate$BeanPostProcessorChecker - Bean 'ownerInfoServiceImpl' of type [cc.mrbird.febs.cos.service.impl.OwnerInfoServiceImpl] is not eligible for getting processed by all BeanPostProcessors (for example: not eligible for auto-proxying)
2023-04-13 16:44:31.619 febs [main] INFO  o.s.c.s.PostProcessorRegistrationDelegate$BeanPostProcessorChecker - Bean 'userService' of type [cc.mrbird.febs.system.service.impl.UserServiceImpl] is not eligible for getting processed by all BeanPostProcessors (for example: not eligible for auto-proxying)
2023-04-13 16:44:31.669 febs [main] INFO  o.s.c.s.PostProcessorRegistrationDelegate$BeanPostProcessorChecker - Bean 'org.springframework.boot.autoconfigure.jackson.JacksonAutoConfiguration$JacksonObjectMapperConfiguration' of type [org.springframework.boot.autoconfigure.jackson.JacksonAutoConfiguration$JacksonObjectMapperConfiguration$$EnhancerBySpringCGLIB$$8220414b] is not eligible for getting processed by all BeanPostProcessors (for example: not eligible for auto-proxying)
2023-04-13 16:44:31.677 febs [main] INFO  o.s.c.s.PostProcessorRegistrationDelegate$BeanPostProcessorChecker - Bean 'org.springframework.boot.autoconfigure.jackson.JacksonAutoConfiguration$JacksonObjectMapperBuilderConfiguration' of type [org.springframework.boot.autoconfigure.jackson.JacksonAutoConfiguration$JacksonObjectMapperBuilderConfiguration$$EnhancerBySpringCGLIB$$346d0364] is not eligible for getting processed by all BeanPostProcessors (for example: not eligible for auto-proxying)
2023-04-13 16:44:31.682 febs [main] INFO  o.s.c.s.PostProcessorRegistrationDelegate$BeanPostProcessorChecker - Bean 'org.springframework.boot.autoconfigure.jackson.JacksonAutoConfiguration$Jackson2ObjectMapperBuilderCustomizerConfiguration' of type [org.springframework.boot.autoconfigure.jackson.JacksonAutoConfiguration$Jackson2ObjectMapperBuilderCustomizerConfiguration$$EnhancerBySpringCGLIB$$ef83e953] is not eligible for getting processed by all BeanPostProcessors (for example: not eligible for auto-proxying)
2023-04-13 16:44:31.692 febs [main] INFO  o.s.c.s.PostProcessorRegistrationDelegate$BeanPostProcessorChecker - Bean 'spring.jackson-org.springframework.boot.autoconfigure.jackson.JacksonProperties' of type [org.springframework.boot.autoconfigure.jackson.JacksonProperties] is not eligible for getting processed by all BeanPostProcessors (for example: not eligible for auto-proxying)
2023-04-13 16:44:31.696 febs [main] INFO  o.s.c.s.PostProcessorRegistrationDelegate$BeanPostProcessorChecker - Bean 'standardJacksonObjectMapperBuilderCustomizer' of type [org.springframework.boot.autoconfigure.jackson.JacksonAutoConfiguration$Jackson2ObjectMapperBuilderCustomizerConfiguration$StandardJackson2ObjectMapperBuilderCustomizer] is not eligible for getting processed by all BeanPostProcessors (for example: not eligible for auto-proxying)
2023-04-13 16:44:31.703 febs [main] INFO  o.s.c.s.PostProcessorRegistrationDelegate$BeanPostProcessorChecker - Bean 'org.springframework.boot.autoconfigure.jackson.JacksonAutoConfiguration$ParameterNamesModuleConfiguration' of type [org.springframework.boot.autoconfigure.jackson.JacksonAutoConfiguration$ParameterNamesModuleConfiguration$$EnhancerBySpringCGLIB$$164f6081] is not eligible for getting processed by all BeanPostProcessors (for example: not eligible for auto-proxying)
2023-04-13 16:44:31.711 febs [main] INFO  o.s.c.s.PostProcessorRegistrationDelegate$BeanPostProcessorChecker - Bean 'parameterNamesModule' of type [com.fasterxml.jackson.module.paramnames.ParameterNamesModule] is not eligible for getting processed by all BeanPostProcessors (for example: not eligible for auto-proxying)
2023-04-13 16:44:31.716 febs [main] INFO  o.s.c.s.PostProcessorRegistrationDelegate$BeanPostProcessorChecker - Bean 'org.springframework.boot.autoconfigure.jackson.JacksonAutoConfiguration' of type [org.springframework.boot.autoconfigure.jackson.JacksonAutoConfiguration$$EnhancerBySpringCGLIB$$642bdeda] is not eligible for getting processed by all BeanPostProcessors (for example: not eligible for auto-proxying)
2023-04-13 16:44:31.736 febs [main] INFO  o.s.c.s.PostProcessorRegistrationDelegate$BeanPostProcessorChecker - Bean 'jsonComponentModule' of type [org.springframework.boot.jackson.JsonComponentModule] is not eligible for getting processed by all BeanPostProcessors (for example: not eligible for auto-proxying)
2023-04-13 16:44:31.738 febs [main] INFO  o.s.c.s.PostProcessorRegistrationDelegate$BeanPostProcessorChecker - Bean 'org.springframework.data.web.config.SpringDataJacksonConfiguration' of type [org.springframework.data.web.config.SpringDataJacksonConfiguration] is not eligible for getting processed by all BeanPostProcessors (for example: not eligible for auto-proxying)
2023-04-13 16:44:31.744 febs [main] INFO  o.s.c.s.PostProcessorRegistrationDelegate$BeanPostProcessorChecker - Bean 'jacksonGeoModule' of type [org.springframework.data.geo.GeoModule] is not eligible for getting processed by all BeanPostProcessors (for example: not eligible for auto-proxying)
2023-04-13 16:44:31.748 febs [main] INFO  o.s.c.s.PostProcessorRegistrationDelegate$BeanPostProcessorChecker - Bean 'jacksonObjectMapperBuilder' of type [org.springframework.http.converter.json.Jackson2ObjectMapperBuilder] is not eligible for getting processed by all BeanPostProcessors (for example: not eligible for auto-proxying)
2023-04-13 16:44:31.794 febs [main] INFO  o.s.c.s.PostProcessorRegistrationDelegate$BeanPostProcessorChecker - Bean 'jacksonObjectMapper' of type [com.fasterxml.jackson.databind.ObjectMapper] is not eligible for getting processed by all BeanPostProcessors (for example: not eligible for auto-proxying)
2023-04-13 16:44:31.825 febs [main] INFO  o.s.c.s.PostProcessorRegistrationDelegate$BeanPostProcessorChecker - Bean 'cacheService' of type [cc.mrbird.febs.common.service.impl.CacheServiceImpl] is not eligible for getting processed by all BeanPostProcessors (for example: not eligible for auto-proxying)
2023-04-13 16:44:31.835 febs [main] INFO  o.s.c.s.PostProcessorRegistrationDelegate$BeanPostProcessorChecker - Bean 'userManager' of type [cc.mrbird.febs.system.manager.UserManager] is not eligible for getting processed by all BeanPostProcessors (for example: not eligible for auto-proxying)
2023-04-13 16:44:31.835 febs [main] INFO  o.s.c.s.PostProcessorRegistrationDelegate$BeanPostProcessorChecker - Bean 'shiroRealm' of type [cc.mrbird.febs.common.authentication.ShiroRealm] is not eligible for getting processed by all BeanPostProcessors (for example: not eligible for auto-proxying)
2023-04-13 16:44:31.861 febs [main] INFO  o.s.c.s.PostProcessorRegistrationDelegate$BeanPostProcessorChecker - Bean 'securityManager' of type [org.apache.shiro.web.mgt.DefaultWebSecurityManager] is not eligible for getting processed by all BeanPostProcessors (for example: not eligible for auto-proxying)
2023-04-13 16:44:31.886 febs [main] INFO  o.s.c.s.PostProcessorRegistrationDelegate$BeanPostProcessorChecker - Bean 'authorizationAttributeSourceAdvisor' of type [org.apache.shiro.spring.security.interceptor.AuthorizationAttributeSourceAdvisor] is not eligible for getting processed by all BeanPostProcessors (for example: not eligible for auto-proxying)
2023-04-13 16:44:32.704 febs [main] INFO  o.s.b.w.e.tomcat.TomcatWebServer - Tomcat initialized with port(s): 9527 (http)
2023-04-13 16:44:32.730 febs [main] INFO  o.a.coyote.http11.Http11NioProtocol - Initializing ProtocolHandler ["http-nio-9527"]
2023-04-13 16:44:32.738 febs [main] INFO  o.a.catalina.core.StandardService - Starting service [Tomcat]
2023-04-13 16:44:32.738 febs [main] INFO  o.a.catalina.core.StandardEngine - Starting Servlet Engine: Apache Tomcat/9.0.12
2023-04-13 16:44:32.752 febs [main] INFO  o.a.c.core.AprLifecycleListener - The APR based Apache Tomcat Native library which allows optimal performance in production environments was not found on the java.library.path: [F:\jdk\jdk8\bin;C:\WINDOWS\Sun\Java\bin;C:\WINDOWS\system32;C:\WINDOWS;C:\Program Files\Common Files\Oracle\Java\javapath;C:\ProgramData\Oracle\Java\javapath;C:\Windows\system32;C:\Windows;C:\Windows\System32\Wbem;C:\Windows\System32\WindowsPowerShell\v1.0\;C:\Windows\System32\OpenSSH\;C:\Program Files (x86)\NVIDIA Corporation\PhysX\Common;C:\Program Files\NVIDIA Corporation\NVIDIA NvDLISR;F:\SQL\bin;C:\Program Files (x86)\Microsoft SQL Server\130\Tools\Binn\;C:\Program Files\Microsoft SQL Server\130\Tools\Binn\;C:\Program Files (x86)\Microsoft SQL Server\130\DTS\Binn\;C:\Program Files\Microsoft SQL Server\130\DTS\Binn\;C:\Program Files\Microsoft SQL Server\Client SDK\ODBC\130\Tools\Binn\;C:\Program Files (x86)\Microsoft SQL Server\150\DTS\Binn\;F:\Git\Git\cmd;F:\mongoDB\bin;C:\WINDOWS\system32;C:\WINDOWS;C:\WINDOWS\System32\Wbem;C:\WINDOWS\System32\WindowsPowerShell\v1.0\;C:\WINDOWS\System32\OpenSSH\;D:\Java_tool\maven\maven_work\apache-maven-3.8.1-bin\apache-maven-3.8.1\bin\bin;F:\Xshell\;%MAVEN_HOME%\bin;D:\Java_tool\maven\maven_work\apache-maven-3.8.1-bin\apache-maven-3.8.1\bin;F:\node;F:\node\node_global;C:\Program Files\dotnet\;F:\xftp\xftp7\;F:\node\;C:\Program Files(x86)\Tencent\微信开发者工具\dll;F:\python\python31\Scripts\;F:\python\python31\;C:\Users\DELL\AppData\Local\Microsoft\WindowsApps;F:\VS code\Microsoft VS Code\bin;E:\Developer\nodejs\npm_global;F:\MySQL\mysql-8.0.23-winx64\bin;C:\Users\DELL\AppData\Roaming\npm;.]
2023-04-13 16:44:33.439 febs [main] INFO  o.a.c.c.C.[Tomcat].[localhost].[/] - Initializing Spring embedded WebApplicationContext
2023-04-13 16:44:33.440 febs [main] INFO  o.s.web.context.ContextLoader - Root WebApplicationContext: initialization completed in 10948 ms
2023-04-13 16:44:34.440 febs [main] INFO  o.s.b.w.s.FilterRegistrationBean - Mapping filter: 'characterEncodingFilter' to: [/*]
2023-04-13 16:44:34.441 febs [main] INFO  o.s.b.w.s.FilterRegistrationBean - Mapping filter: 'webMvcMetricsFilter' to: [/*]
2023-04-13 16:44:34.441 febs [main] INFO  o.s.b.w.s.FilterRegistrationBean - Mapping filter: 'hiddenHttpMethodFilter' to: [/*]
2023-04-13 16:44:34.441 febs [main] INFO  o.s.b.w.s.FilterRegistrationBean - Mapping filter: 'formContentFilter' to: [/*]
2023-04-13 16:44:34.441 febs [main] INFO  o.s.b.w.s.FilterRegistrationBean - Mapping filter: 'requestContextFilter' to: [/*]
2023-04-13 16:44:34.442 febs [main] INFO  o.s.b.w.s.FilterRegistrationBean - Mapping filter: 'httpTraceFilter' to: [/*]
2023-04-13 16:44:34.442 febs [main] INFO  o.s.b.w.s.FilterRegistrationBean - Mapping filter: 'shiroFilterFactoryBean' to: [/*]
2023-04-13 16:44:34.442 febs [main] INFO  o.s.b.w.s.ServletRegistrationBean - Servlet dispatcherServlet mapped to [/]
2023-04-13 16:44:35.737 febs [main] INFO  org.quartz.impl.StdSchedulerFactory - Using default implementation for ThreadExecutor
2023-04-13 16:44:35.780 febs [main] INFO  o.quartz.core.SchedulerSignalerImpl - Initialized Scheduler Signaller of type: class org.quartz.core.SchedulerSignalerImpl
2023-04-13 16:44:35.780 febs [main] INFO  org.quartz.core.QuartzScheduler - Quartz Scheduler v.2.3.0 created.
2023-04-13 16:44:35.793 febs [main] INFO  o.s.s.quartz.LocalDataSourceJobStore - Using db table-based data access locking (synchronization).
2023-04-13 16:44:35.798 febs [main] INFO  o.s.s.quartz.LocalDataSourceJobStore - JobStoreCMT initialized.
2023-04-13 16:44:35.800 febs [main] INFO  org.quartz.core.QuartzScheduler - Scheduler meta-data: Quartz Scheduler (v2.3.0) 'MyScheduler' with instanceId 'DESKTOP-ITVOUJ51681375475743'
  Scheduler class: 'org.quartz.core.QuartzScheduler' - running locally.
  NOT STARTED.
  Currently in standby mode.
  Number of jobs executed: 0
  Using thread pool 'org.quartz.simpl.SimpleThreadPool' - with 20 threads.
  Using job-store 'org.springframework.scheduling.quartz.LocalDataSourceJobStore' - which supports persistence. and is clustered.

2023-04-13 16:44:35.800 febs [main] INFO  org.quartz.impl.StdSchedulerFactory - Quartz scheduler 'MyScheduler' initialized from an externally provided properties instance.
2023-04-13 16:44:35.800 febs [main] INFO  org.quartz.impl.StdSchedulerFactory - Quartz scheduler version: 2.3.0
2023-04-13 16:44:35.802 febs [main] INFO  org.quartz.core.QuartzScheduler - JobFactory set to: org.springframework.scheduling.quartz.AdaptableJobFactory@29b5533
2023-04-13 16:44:36.094 febs [main] INFO  p6spy - 2023-04-13 16:44:36 | 耗时 95 ms | SQL 语句：
select job_id jobId, bean_name beanName, method_name methodName, params, cron_expression cronExpression, status, remark, create_time createTime from t_job order by job_id;
2023-04-13 16:44:38.085 febs [main] INFO  o.s.s.c.ThreadPoolTaskExecutor - Initializing ExecutorService 'taskExecutor'
2023-04-13 16:44:43.118 febs [main] INFO  o.s.s.c.ThreadPoolTaskScheduler - Initializing ExecutorService 'taskScheduler'
2023-04-13 16:44:43.268 febs [main] INFO  o.s.b.a.e.web.EndpointLinksResolver - Exposing 2 endpoint(s) beneath base path '/actuator'
2023-04-13 16:44:43.524 febs [main] INFO  o.s.s.quartz.SchedulerFactoryBean - Will start Quartz Scheduler [MyScheduler] in 1 seconds
2023-04-13 16:44:43.561 febs [main] INFO  o.a.coyote.http11.Http11NioProtocol - Starting ProtocolHandler ["http-nio-9527"]
2023-04-13 16:44:43.609 febs [scheduling-1] INFO  cc.mrbird.febs.common.task.CacheTask - delete expired user
2023-04-13 16:44:43.626 febs [main] INFO  o.a.tomcat.util.net.NioSelectorPool - Using a shared selector for servlet write/read
2023-04-13 16:44:43.685 febs [main] INFO  o.s.b.w.e.tomcat.TomcatWebServer - Tomcat started on port(s): 9527 (http) with context path ''
2023-04-13 16:44:43.690 febs [main] INFO  cc.mrbird.febs.FebsApplication - Started FebsApplication in 22.256 seconds (JVM running for 29.709)
2023-04-13 16:44:43.711 febs [main] INFO  c.m.f.common.runner.CacheInitRunner - Redis连接中 ······
2023-04-13 16:44:43.718 febs [main] INFO  c.m.f.common.runner.CacheInitRunner - 缓存初始化 ······
2023-04-13 16:44:43.718 febs [main] INFO  c.m.f.common.runner.CacheInitRunner - 缓存用户数据 ······
2023-04-13 16:44:43.798 febs [main] INFO  p6spy - 2023-04-13 16:44:43 | 耗时 8 ms | SQL 语句：
SELECT USER_ID,username,password,dept_id,email,mobile,status,create_time,modify_time,last_login_time,ssex,description,avatar FROM t_user;
2023-04-13 16:44:43.833 febs [main] INFO  p6spy - 2023-04-13 16:44:43 | 耗时 26 ms | SQL 语句：
SELECT u.user_id userId, u.username, u.password, u.email, u.mobile, u. STATUS, u.create_time createTime, u.ssex, d.dept_id deptId, d.dept_name deptName, u.AVATAR, u.DESCRIPTION, u.LAST_LOGIN_TIME lastLoginTime, GROUP_CONCAT(r.role_id) roleId, GROUP_CONCAT(r.ROLE_NAME) roleName FROM t_user u LEFT JOIN t_dept d ON (u.dept_id = d.dept_id) LEFT JOIN t_user_role ur ON (u.user_id = ur.user_id) LEFT JOIN t_role r ON r.role_id = ur.role_id WHERE u.username = 'mrbird' group by u.username, u.user_id, u.password, u.email, u.mobile, u.STATUS, u.create_time, u.ssex, d.dept_id, d.dept_name, u.AVATAR, u.DESCRIPTION, u.LAST_LOGIN_TIME;
2023-04-13 16:44:43.993 febs [main] INFO  p6spy - 2023-04-13 16:44:43 | 耗时 1 ms | SQL 语句：
select r.* from t_role r left join t_user_role ur on (r.role_id = ur.role_id) left join t_user u on (u.user_id = ur.user_id) where u.username = 'mrbird';
2023-04-13 16:44:44.035 febs [main] INFO  p6spy - 2023-04-13 16:44:44 | 耗时 10 ms | SQL 语句：
select distinct m.perms from t_role r left join t_user_role ur on (r.role_id = ur.role_id) left join t_user u on (u.user_id = ur.user_id) left join t_role_menu rm on (rm.role_id = r.role_id) left join t_menu m on (m.menu_id = rm.menu_id) where u.username = 'mrbird' and m.perms is not null and m.perms <> '';
2023-04-13 16:44:44.069 febs [main] INFO  p6spy - 2023-04-13 16:44:44 | 耗时 2 ms | SQL 语句：
SELECT USER_ID,theme,layout,multi_page,fix_siderbar,fix_header,color FROM t_user_config WHERE USER_ID='1' ;
2023-04-13 16:44:44.079 febs [main] INFO  p6spy - 2023-04-13 16:44:44 | 耗时 3 ms | SQL 语句：
SELECT u.user_id userId, u.username, u.password, u.email, u.mobile, u. STATUS, u.create_time createTime, u.ssex, d.dept_id deptId, d.dept_name deptName, u.AVATAR, u.DESCRIPTION, u.LAST_LOGIN_TIME lastLoginTime, GROUP_CONCAT(r.role_id) roleId, GROUP_CONCAT(r.ROLE_NAME) roleName FROM t_user u LEFT JOIN t_dept d ON (u.dept_id = d.dept_id) LEFT JOIN t_user_role ur ON (u.user_id = ur.user_id) LEFT JOIN t_role r ON r.role_id = ur.role_id WHERE u.username = 'scott' group by u.username, u.user_id, u.password, u.email, u.mobile, u.STATUS, u.create_time, u.ssex, d.dept_id, d.dept_name, u.AVATAR, u.DESCRIPTION, u.LAST_LOGIN_TIME;
2023-04-13 16:44:44.085 febs [main] INFO  p6spy - 2023-04-13 16:44:44 | 耗时 0 ms | SQL 语句：
select r.* from t_role r left join t_user_role ur on (r.role_id = ur.role_id) left join t_user u on (u.user_id = ur.user_id) where u.username = 'scott';
2023-04-13 16:44:44.090 febs [main] INFO  p6spy - 2023-04-13 16:44:44 | 耗时 1 ms | SQL 语句：
select distinct m.perms from t_role r left join t_user_role ur on (r.role_id = ur.role_id) left join t_user u on (u.user_id = ur.user_id) left join t_role_menu rm on (rm.role_id = r.role_id) left join t_menu m on (m.menu_id = rm.menu_id) where u.username = 'scott' and m.perms is not null and m.perms <> '';
2023-04-13 16:44:44.099 febs [main] INFO  p6spy - 2023-04-13 16:44:44 | 耗时 1 ms | SQL 语句：
SELECT USER_ID,theme,layout,multi_page,fix_siderbar,fix_header,color FROM t_user_config WHERE USER_ID='2' ;
2023-04-13 16:44:44.104 febs [main] INFO  p6spy - 2023-04-13 16:44:44 | 耗时 1 ms | SQL 语句：
SELECT u.user_id userId, u.username, u.password, u.email, u.mobile, u. STATUS, u.create_time createTime, u.ssex, d.dept_id deptId, d.dept_name deptName, u.AVATAR, u.DESCRIPTION, u.LAST_LOGIN_TIME lastLoginTime, GROUP_CONCAT(r.role_id) roleId, GROUP_CONCAT(r.ROLE_NAME) roleName FROM t_user u LEFT JOIN t_dept d ON (u.dept_id = d.dept_id) LEFT JOIN t_user_role ur ON (u.user_id = ur.user_id) LEFT JOIN t_role r ON r.role_id = ur.role_id WHERE u.username = 'jack' group by u.username, u.user_id, u.password, u.email, u.mobile, u.STATUS, u.create_time, u.ssex, d.dept_id, d.dept_name, u.AVATAR, u.DESCRIPTION, u.LAST_LOGIN_TIME;
2023-04-13 16:44:44.109 febs [main] INFO  p6spy - 2023-04-13 16:44:44 | 耗时 1 ms | SQL 语句：
select r.* from t_role r left join t_user_role ur on (r.role_id = ur.role_id) left join t_user u on (u.user_id = ur.user_id) where u.username = 'jack';
2023-04-13 16:44:44.115 febs [main] INFO  p6spy - 2023-04-13 16:44:44 | 耗时 1 ms | SQL 语句：
select distinct m.perms from t_role r left join t_user_role ur on (r.role_id = ur.role_id) left join t_user u on (u.user_id = ur.user_id) left join t_role_menu rm on (rm.role_id = r.role_id) left join t_menu m on (m.menu_id = rm.menu_id) where u.username = 'jack' and m.perms is not null and m.perms <> '';
2023-04-13 16:44:44.120 febs [main] INFO  p6spy - 2023-04-13 16:44:44 | 耗时 0 ms | SQL 语句：
SELECT USER_ID,theme,layout,multi_page,fix_siderbar,fix_header,color FROM t_user_config WHERE USER_ID='12' ;
2023-04-13 16:44:44.125 febs [main] INFO  p6spy - 2023-04-13 16:44:44 | 耗时 1 ms | SQL 语句：
SELECT u.user_id userId, u.username, u.password, u.email, u.mobile, u. STATUS, u.create_time createTime, u.ssex, d.dept_id deptId, d.dept_name deptName, u.AVATAR, u.DESCRIPTION, u.LAST_LOGIN_TIME lastLoginTime, GROUP_CONCAT(r.role_id) roleId, GROUP_CONCAT(r.ROLE_NAME) roleName FROM t_user u LEFT JOIN t_dept d ON (u.dept_id = d.dept_id) LEFT JOIN t_user_role ur ON (u.user_id = ur.user_id) LEFT JOIN t_role r ON r.role_id = ur.role_id WHERE u.username = 'admin' group by u.username, u.user_id, u.password, u.email, u.mobile, u.STATUS, u.create_time, u.ssex, d.dept_id, d.dept_name, u.AVATAR, u.DESCRIPTION, u.LAST_LOGIN_TIME;
2023-04-13 16:44:44.131 febs [main] INFO  p6spy - 2023-04-13 16:44:44 | 耗时 0 ms | SQL 语句：
select r.* from t_role r left join t_user_role ur on (r.role_id = ur.role_id) left join t_user u on (u.user_id = ur.user_id) where u.username = 'admin';
2023-04-13 16:44:44.135 febs [main] INFO  p6spy - 2023-04-13 16:44:44 | 耗时 1 ms | SQL 语句：
select distinct m.perms from t_role r left join t_user_role ur on (r.role_id = ur.role_id) left join t_user u on (u.user_id = ur.user_id) left join t_role_menu rm on (rm.role_id = r.role_id) left join t_menu m on (m.menu_id = rm.menu_id) where u.username = 'admin' and m.perms is not null and m.perms <> '';
2023-04-13 16:44:44.138 febs [main] INFO  p6spy - 2023-04-13 16:44:44 | 耗时 0 ms | SQL 语句：
SELECT USER_ID,theme,layout,multi_page,fix_siderbar,fix_header,color FROM t_user_config WHERE USER_ID='13' ;
2023-04-13 16:44:44.144 febs [main] INFO  p6spy - 2023-04-13 16:44:44 | 耗时 1 ms | SQL 语句：
SELECT u.user_id userId, u.username, u.password, u.email, u.mobile, u. STATUS, u.create_time createTime, u.ssex, d.dept_id deptId, d.dept_name deptName, u.AVATAR, u.DESCRIPTION, u.LAST_LOGIN_TIME lastLoginTime, GROUP_CONCAT(r.role_id) roleId, GROUP_CONCAT(r.ROLE_NAME) roleName FROM t_user u LEFT JOIN t_dept d ON (u.dept_id = d.dept_id) LEFT JOIN t_user_role ur ON (u.user_id = ur.user_id) LEFT JOIN t_role r ON r.role_id = ur.role_id WHERE u.username = 'fank' group by u.username, u.user_id, u.password, u.email, u.mobile, u.STATUS, u.create_time, u.ssex, d.dept_id, d.dept_name, u.AVATAR, u.DESCRIPTION, u.LAST_LOGIN_TIME;
2023-04-13 16:44:44.149 febs [main] INFO  p6spy - 2023-04-13 16:44:44 | 耗时 0 ms | SQL 语句：
select r.* from t_role r left join t_user_role ur on (r.role_id = ur.role_id) left join t_user u on (u.user_id = ur.user_id) where u.username = 'fank';
2023-04-13 16:44:44.152 febs [main] INFO  p6spy - 2023-04-13 16:44:44 | 耗时 1 ms | SQL 语句：
select distinct m.perms from t_role r left join t_user_role ur on (r.role_id = ur.role_id) left join t_user u on (u.user_id = ur.user_id) left join t_role_menu rm on (rm.role_id = r.role_id) left join t_menu m on (m.menu_id = rm.menu_id) where u.username = 'fank' and m.perms is not null and m.perms <> '';
2023-04-13 16:44:44.155 febs [main] INFO  p6spy - 2023-04-13 16:44:44 | 耗时 1 ms | SQL 语句：
SELECT USER_ID,theme,layout,multi_page,fix_siderbar,fix_header,color FROM t_user_config WHERE USER_ID='14' ;
2023-04-13 16:44:44.160 febs [main] INFO  p6spy - 2023-04-13 16:44:44 | 耗时 1 ms | SQL 语句：
SELECT u.user_id userId, u.username, u.password, u.email, u.mobile, u. STATUS, u.create_time createTime, u.ssex, d.dept_id deptId, d.dept_name deptName, u.AVATAR, u.DESCRIPTION, u.LAST_LOGIN_TIME lastLoginTime, GROUP_CONCAT(r.role_id) roleId, GROUP_CONCAT(r.ROLE_NAME) roleName FROM t_user u LEFT JOIN t_dept d ON (u.dept_id = d.dept_id) LEFT JOIN t_user_role ur ON (u.user_id = ur.user_id) LEFT JOIN t_role r ON r.role_id = ur.role_id WHERE u.username = 'sungou' group by u.username, u.user_id, u.password, u.email, u.mobile, u.STATUS, u.create_time, u.ssex, d.dept_id, d.dept_name, u.AVATAR, u.DESCRIPTION, u.LAST_LOGIN_TIME;
2023-04-13 16:44:44.165 febs [main] INFO  p6spy - 2023-04-13 16:44:44 | 耗时 0 ms | SQL 语句：
select r.* from t_role r left join t_user_role ur on (r.role_id = ur.role_id) left join t_user u on (u.user_id = ur.user_id) where u.username = 'sungou';
2023-04-13 16:44:44.168 febs [main] INFO  p6spy - 2023-04-13 16:44:44 | 耗时 1 ms | SQL 语句：
select distinct m.perms from t_role r left join t_user_role ur on (r.role_id = ur.role_id) left join t_user u on (u.user_id = ur.user_id) left join t_role_menu rm on (rm.role_id = r.role_id) left join t_menu m on (m.menu_id = rm.menu_id) where u.username = 'sungou' and m.perms is not null and m.perms <> '';
2023-04-13 16:44:44.171 febs [main] INFO  p6spy - 2023-04-13 16:44:44 | 耗时 0 ms | SQL 语句：
SELECT USER_ID,theme,layout,multi_page,fix_siderbar,fix_header,color FROM t_user_config WHERE USER_ID='15' ;
2023-04-13 16:44:44.176 febs [main] INFO  p6spy - 2023-04-13 16:44:44 | 耗时 1 ms | SQL 语句：
SELECT u.user_id userId, u.username, u.password, u.email, u.mobile, u. STATUS, u.create_time createTime, u.ssex, d.dept_id deptId, d.dept_name deptName, u.AVATAR, u.DESCRIPTION, u.LAST_LOGIN_TIME lastLoginTime, GROUP_CONCAT(r.role_id) roleId, GROUP_CONCAT(r.ROLE_NAME) roleName FROM t_user u LEFT JOIN t_dept d ON (u.dept_id = d.dept_id) LEFT JOIN t_user_role ur ON (u.user_id = ur.user_id) LEFT JOIN t_role r ON r.role_id = ur.role_id WHERE u.username = '荍荍加油' group by u.username, u.user_id, u.password, u.email, u.mobile, u.STATUS, u.create_time, u.ssex, d.dept_id, d.dept_name, u.AVATAR, u.DESCRIPTION, u.LAST_LOGIN_TIME;
2023-04-13 16:44:44.180 febs [main] INFO  p6spy - 2023-04-13 16:44:44 | 耗时 1 ms | SQL 语句：
select r.* from t_role r left join t_user_role ur on (r.role_id = ur.role_id) left join t_user u on (u.user_id = ur.user_id) where u.username = '荍荍加油';
2023-04-13 16:44:44.184 febs [main] INFO  p6spy - 2023-04-13 16:44:44 | 耗时 1 ms | SQL 语句：
select distinct m.perms from t_role r left join t_user_role ur on (r.role_id = ur.role_id) left join t_user u on (u.user_id = ur.user_id) left join t_role_menu rm on (rm.role_id = r.role_id) left join t_menu m on (m.menu_id = rm.menu_id) where u.username = '荍荍加油' and m.perms is not null and m.perms <> '';
2023-04-13 16:44:44.187 febs [main] INFO  p6spy - 2023-04-13 16:44:44 | 耗时 0 ms | SQL 语句：
SELECT USER_ID,theme,layout,multi_page,fix_siderbar,fix_header,color FROM t_user_config WHERE USER_ID='16' ;
2023-04-13 16:44:44.188 febs [main] INFO  c.m.f.common.runner.StartedUpRunner -  __    ___   _      ___   _     ____ _____  ____ 
2023-04-13 16:44:44.188 febs [main] INFO  c.m.f.common.runner.StartedUpRunner - / /`  / / \ | |\/| | |_) | |   | |_   | |  | |_  
2023-04-13 16:44:44.188 febs [main] INFO  c.m.f.common.runner.StartedUpRunner - \_\_, \_\_/ |_|  | |_|   |_|__ |_|__  |_|  |_|__ 
2023-04-13 16:44:44.188 febs [main] INFO  c.m.f.common.runner.StartedUpRunner -                                                       
2023-04-13 16:44:44.188 febs [main] INFO  c.m.f.common.runner.StartedUpRunner - FEBS 启动完毕，时间：2023-04-13T16:44:44.188
2023-04-13 16:44:44.526 febs [Quartz Scheduler [MyScheduler]] INFO  o.s.s.quartz.SchedulerFactoryBean - Starting Quartz Scheduler now, after delay of 1 seconds
2023-04-13 16:44:44.541 febs [Quartz Scheduler [MyScheduler]] INFO  o.s.s.quartz.LocalDataSourceJobStore - ClusterManager: detected 1 failed or restarted instances.
2023-04-13 16:44:44.541 febs [Quartz Scheduler [MyScheduler]] INFO  o.s.s.quartz.LocalDataSourceJobStore - ClusterManager: Scanning for instance "DESKTOP-ITVOUJ51681211179964"'s failed in-progress jobs.
2023-04-13 16:44:44.551 febs [Quartz Scheduler [MyScheduler]] INFO  org.quartz.core.QuartzScheduler - Scheduler MyScheduler_$_DESKTOP-ITVOUJ51681375475743 started.
2023-04-13 16:44:44.989 febs [RMI TCP Connection(1)-192.168.56.1] INFO  p6spy - 2023-04-13 16:44:44 | 耗时 0 ms | SQL 语句：
/* ping */ SELECT 1;
2023-04-13 16:44:46.227 febs [RMI TCP Connection(4)-192.168.56.1] INFO  o.a.c.c.C.[Tomcat].[localhost].[/] - Initializing Spring DispatcherServlet 'dispatcherServlet'
2023-04-13 16:44:46.227 febs [RMI TCP Connection(4)-192.168.56.1] INFO  o.s.web.servlet.DispatcherServlet - Initializing Servlet 'dispatcherServlet'
2023-04-13 16:44:46.248 febs [RMI TCP Connection(4)-192.168.56.1] INFO  o.s.web.servlet.DispatcherServlet - Completed initialization in 21 ms
2023-04-13 17:16:48.473 febs [http-nio-9527-exec-1] INFO  c.m.febs.common.aspect.LimitAspect - IP:127.0.0.1 第 1 次访问key为 [limit_login127.0.0.1]，描述为 [登录接口] 的接口
2023-04-13 17:16:48.862 febs [http-nio-9527-exec-1] INFO  p6spy - 2023-04-13 17:16:48 | 耗时 7 ms | SQL 语句：
UPDATE t_user SET last_login_time='2023-04-13T17:16:48.771+0800' WHERE username = '荍荍加油';
2023-04-13 17:16:48.874 febs [http-nio-9527-exec-1] INFO  p6spy - 2023-04-13 17:16:48 | 耗时 8 ms | SQL 语句：
SELECT u.user_id userId, u.username, u.password, u.email, u.mobile, u. STATUS, u.create_time createTime, u.ssex, d.dept_id deptId, d.dept_name deptName, u.AVATAR, u.DESCRIPTION, u.LAST_LOGIN_TIME lastLoginTime, GROUP_CONCAT(r.role_id) roleId, GROUP_CONCAT(r.ROLE_NAME) roleName FROM t_user u LEFT JOIN t_dept d ON (u.dept_id = d.dept_id) LEFT JOIN t_user_role ur ON (u.user_id = ur.user_id) LEFT JOIN t_role r ON r.role_id = ur.role_id WHERE u.username = '荍荍加油' group by u.username, u.user_id, u.password, u.email, u.mobile, u.STATUS, u.create_time, u.ssex, d.dept_id, d.dept_name, u.AVATAR, u.DESCRIPTION, u.LAST_LOGIN_TIME;
2023-04-13 17:16:48.928 febs [http-nio-9527-exec-1] INFO  p6spy - 2023-04-13 17:16:48 | 耗时 4 ms | SQL 语句：
INSERT INTO t_login_log ( username, login_time, location, ip ) VALUES ( '荍荍加油', '2023-04-13T17:16:48.903+0800', '', '127.0.0.1' );
2023-04-13 17:16:49.013 febs [http-nio-9527-exec-1] INFO  p6spy - 2023-04-13 17:16:49 | 耗时 6 ms | SQL 语句：
select distinct m.perms from t_role r left join t_user_role ur on (r.role_id = ur.role_id) left join t_user u on (u.user_id = ur.user_id) left join t_role_menu rm on (rm.role_id = r.role_id) left join t_menu m on (m.menu_id = rm.menu_id) where u.username = '荍荍加油' and m.perms is not null and m.perms <> '';
2023-04-13 17:16:49.186 febs [http-nio-9527-exec-5] INFO  c.m.f.common.authentication.JWTUtil - token is valid
2023-04-13 17:16:49.236 febs [http-nio-9527-exec-5] INFO  p6spy - 2023-04-13 17:16:49 | 耗时 5 ms | SQL 语句：
select m.* from t_menu m where m.type <> 1 and m.MENU_ID in (select distinct rm.menu_id from t_role_menu rm left join t_role r on (rm.role_id = r.role_id) left join t_user_role ur on (ur.role_id = r.role_id) left join t_user u on (u.user_id = ur.user_id) where u.username = '荍荍加油') order by m.order_num;
2023-04-13 17:16:49.600 febs [http-nio-9527-exec-10] INFO  c.m.f.common.authentication.JWTUtil - token is valid
2023-04-13 17:16:49.603 febs [http-nio-9527-exec-3] INFO  c.m.f.common.authentication.JWTUtil - token is valid
2023-04-13 17:16:49.647 febs [http-nio-9527-exec-3] INFO  p6spy - 2023-04-13 17:16:49 | 耗时 34 ms | SQL 语句：
select count(1) from t_login_log;
2023-04-13 17:16:49.659 febs [http-nio-9527-exec-3] INFO  p6spy - 2023-04-13 17:16:49 | 耗时 6 ms | SQL 语句：
select count(1) from t_login_log where datediff(login_time,now())=0;
2023-04-13 17:16:49.665 febs [http-nio-9527-exec-3] INFO  p6spy - 2023-04-13 17:16:49 | 耗时 2 ms | SQL 语句：
select count(distinct(ip)) from t_login_log where datediff(login_time,now())=0;
2023-04-13 17:16:49.682 febs [http-nio-9527-exec-3] INFO  p6spy - 2023-04-13 17:16:49 | 耗时 11 ms | SQL 语句：
select date_format(l.login_time, '%m-%d') days, count(1) count from ( select * from t_login_log where date_sub(curdate(), interval 7 day) <= date(login_time) ) as l where 1 = 1 group by days;
2023-04-13 17:16:49.685 febs [http-nio-9527-exec-10] INFO  p6spy - 2023-04-13 17:16:49 | 耗时 22 ms | SQL 语句：
SELECT COUNT( 1 ) FROM owner_info;
2023-04-13 17:16:49.688 febs [http-nio-9527-exec-3] INFO  p6spy - 2023-04-13 17:16:49 | 耗时 1 ms | SQL 语句：
select date_format(l.login_time, '%m-%d') days, count(1) count from ( select * from t_login_log where date_sub(curdate(), interval 7 day) <= date(login_time) ) as l where 1 = 1 and l.username = '荍荍加油' group by days;
2023-04-13 17:16:49.701 febs [http-nio-9527-exec-10] INFO  p6spy - 2023-04-13 17:16:49 | 耗时 11 ms | SQL 语句：
SELECT COUNT( 1 ) FROM houses_info;
2023-04-13 17:16:49.714 febs [http-nio-9527-exec-10] INFO  p6spy - 2023-04-13 17:16:49 | 耗时 9 ms | SQL 语句：
SELECT * FROM ( SELECT IFNULL(SUM( pm.price ), 0) AS received FROM payment_manage pm ) AS on1, ( SELECT IFNULL(SUM( pm.price ),0) AS advance FROM payment_manage pm, payment_record pr WHERE pr.payment_id = pm.id ) AS on2;
2023-04-13 17:16:49.732 febs [http-nio-9527-exec-10] INFO  p6spy - 2023-04-13 17:16:49 | 耗时 3 ms | SQL 语句：
SELECT ID,title,content,date,images,publisher FROM bulletin_info;
2023-04-13 17:16:49.751 febs [http-nio-9527-exec-10] INFO  p6spy - 2023-04-13 17:16:49 | 耗时 12 ms | SQL 语句：
SELECT * FROM (SELECT IFNULL(SUM( pm.price ) ,0) AS month1 FROM payment_manage pm WHERE DATE_FORMAT( concat( pm.`year`, '-', pm.`month`, '-', '01' ), '%Y-%m' ) = DATE_FORMAT(concat( DATE_FORMAT( NOW(), '%Y' ), '-', '1', '-', '01' ), '%Y-%m')) AS on1, (SELECT IFNULL(SUM( pm.price ) ,0) AS month2 FROM payment_manage pm WHERE DATE_FORMAT( concat( pm.`year`, '-', pm.`month`, '-', '01' ), '%Y-%m' ) = DATE_FORMAT(concat( DATE_FORMAT( NOW(), '%Y' ), '-', '2', '-', '01' ), '%Y-%m')) AS on2, (SELECT IFNULL(SUM( pm.price ) ,0) AS month3 FROM payment_manage pm WHERE DATE_FORMAT( concat( pm.`year`, '-', pm.`month`, '-', '01' ), '%Y-%m' ) = DATE_FORMAT(concat( DATE_FORMAT( NOW(), '%Y' ), '-', '3', '-', '01' ), '%Y-%m')) AS on3, (SELECT IFNULL(SUM( pm.price ) ,0) AS month4 FROM payment_manage pm WHERE DATE_FORMAT( concat( pm.`year`, '-', pm.`month`, '-', '01' ), '%Y-%m' ) = DATE_FORMAT(concat( DATE_FORMAT( NOW(), '%Y' ), '-', '4', '-', '01' ), '%Y-%m')) AS on12, (SELECT IFNULL(SUM( pm.price ) ,0) AS month5 FROM payment_manage pm WHERE DATE_FORMAT( concat( pm.`year`, '-', pm.`month`, '-', '01' ), '%Y-%m' ) = DATE_FORMAT(concat( DATE_FORMAT( NOW(), '%Y' ), '-', '5', '-', '01' ), '%Y-%m')) AS on4, (SELECT IFNULL(SUM( pm.price ) ,0) AS month6 FROM payment_manage pm WHERE DATE_FORMAT( concat( pm.`year`, '-', pm.`month`, '-', '01' ), '%Y-%m' ) = DATE_FORMAT(concat( DATE_FORMAT( NOW(), '%Y' ), '-', '6', '-', '01' ), '%Y-%m')) AS on5, (SELECT IFNULL(SUM( pm.price ) ,0) AS month7 FROM payment_manage pm WHERE DATE_FORMAT( concat( pm.`year`, '-', pm.`month`, '-', '01' ), '%Y-%m' ) = DATE_FORMAT(concat( DATE_FORMAT( NOW(), '%Y' ), '-', '7', '-', '01' ), '%Y-%m')) AS on6, (SELECT IFNULL(SUM( pm.price ) ,0) AS month8 FROM payment_manage pm WHERE DATE_FORMAT( concat( pm.`year`, '-', pm.`month`, '-', '01' ), '%Y-%m' ) = DATE_FORMAT(concat( DATE_FORMAT( NOW(), '%Y' ), '-', '8', '-', '01' ), '%Y-%m')) AS on7, (SELECT IFNULL(SUM( pm.price ) ,0) AS month9 FROM payment_manage pm WHERE DATE_FORMAT( concat( pm.`year`, '-', pm.`month`, '-', '01' ), '%Y-%m' ) = DATE_FORMAT(concat( DATE_FORMAT( NOW(), '%Y' ), '-', '9', '-', '01' ), '%Y-%m')) AS on8, (SELECT IFNULL(SUM( pm.price ) ,0) AS month10 FROM payment_manage pm WHERE DATE_FORMAT( concat( pm.`year`, '-', pm.`month`, '-', '01' ), '%Y-%m' ) = DATE_FORMAT(concat( DATE_FORMAT( NOW(), '%Y' ), '-', '10', '-', '01' ), '%Y-%m')) AS on9, (SELECT IFNULL(SUM( pm.price ) ,0) AS month11 FROM payment_manage pm WHERE DATE_FORMAT( concat( pm.`year`, '-', pm.`month`, '-', '01' ), '%Y-%m' ) = DATE_FORMAT(concat( DATE_FORMAT( NOW(), '%Y' ), '-', '11', '-', '01' ), '%Y-%m')) AS on10, (SELECT IFNULL(SUM( pm.price ) ,0) AS month12 FROM payment_manage pm WHERE DATE_FORMAT( concat( pm.`year`, '-', pm.`month`, '-', '01' ), '%Y-%m' ) = DATE_FORMAT(concat( DATE_FORMAT( NOW(), '%Y' ), '-', '12', '-', '01' ), '%Y-%m')) AS on11;
2023-04-13 17:16:49.756 febs [http-nio-9527-exec-10] INFO  p6spy - 2023-04-13 17:16:49 | 耗时 0 ms | SQL 语句：
SELECT COUNT( 1 ) AS num, CASE nature WHEN 1 THEN '住宅楼房' WHEN 2 THEN '社区用处' END AS nature FROM houses_info hi GROUP BY hi.nature;
2023-04-13 17:17:03.778 febs [http-nio-9527-exec-1] INFO  c.m.f.common.authentication.JWTUtil - token is valid
2023-04-13 17:17:04.080 febs [http-nio-9527-exec-1] INFO  p6spy - 2023-04-13 17:17:04 | 耗时 72 ms | SQL 语句：
SELECT COUNT(1) FROM building_info bi WHERE 1 = 1;
2023-04-13 17:17:04.091 febs [http-nio-9527-exec-1] INFO  p6spy - 2023-04-13 17:17:04 | 耗时 2 ms | SQL 语句：
SELECT bi.id, bi.name, bi.address, bi.street, bi.community, bi.usage_area AS usageArea, bi.surface_area AS surfaceArea, bi.type, bi.rooms, bi.units, bi.layers, bi.images, bi.create_date AS createDate FROM building_info bi WHERE 1 = 1 ORDER BY bi.create_date DESC LIMIT 0,10;
2023-04-13 17:23:36.119 febs [http-nio-9527-exec-6] INFO  c.m.f.common.authentication.JWTUtil - token is valid
2023-04-13 17:23:36.292 febs [http-nio-9527-exec-6] INFO  p6spy - 2023-04-13 17:23:36 | 耗时 7 ms | SQL 语句：
INSERT INTO building_info ( name, address, street, community, usage_area, surface_area, type, rooms, units, layers, create_date ) VALUES ( '一座一梯', '左拐不送', '00000000000', '金河苑', 2001, 2000, 3, 40, 10, 10, '2023-04-13 17:23:36' );
2023-04-13 17:23:36.356 febs [http-nio-9527-exec-3] INFO  c.m.f.common.authentication.JWTUtil - token is valid
2023-04-13 17:23:36.366 febs [http-nio-9527-exec-3] INFO  p6spy - 2023-04-13 17:23:36 | 耗时 2 ms | SQL 语句：
SELECT COUNT(1) FROM building_info bi WHERE 1 = 1;
2023-04-13 17:23:36.369 febs [http-nio-9527-exec-3] INFO  p6spy - 2023-04-13 17:23:36 | 耗时 0 ms | SQL 语句：
SELECT bi.id, bi.name, bi.address, bi.street, bi.community, bi.usage_area AS usageArea, bi.surface_area AS surfaceArea, bi.type, bi.rooms, bi.units, bi.layers, bi.images, bi.create_date AS createDate FROM building_info bi WHERE 1 = 1 ORDER BY bi.create_date DESC LIMIT 0,10;
2023-04-13 17:23:47.913 febs [http-nio-9527-exec-2] INFO  c.m.f.common.authentication.JWTUtil - token is valid
2023-04-13 17:23:47.918 febs [http-nio-9527-exec-5] INFO  c.m.f.common.authentication.JWTUtil - token is valid
2023-04-13 17:23:47.919 febs [http-nio-9527-exec-6] INFO  c.m.f.common.authentication.JWTUtil - token is valid
2023-04-13 17:23:47.920 febs [http-nio-9527-exec-9] INFO  c.m.f.common.authentication.JWTUtil - token is valid
2023-04-13 17:23:47.922 febs [http-nio-9527-exec-2] INFO  p6spy - 2023-04-13 17:23:47 | 耗时 0 ms | SQL 语句：
SELECT ID,name,address,street,community,usage_area,surface_area,type,rooms,units,layers,images,create_date FROM building_info;
2023-04-13 17:23:47.937 febs [http-nio-9527-exec-9] INFO  p6spy - 2023-04-13 17:23:47 | 耗时 3 ms | SQL 语句：
SELECT ID,name,phone,id_number,images,user_id,create_date FROM owner_info;
2023-04-13 17:23:47.959 febs [http-nio-9527-exec-6] INFO  p6spy - 2023-04-13 17:23:47 | 耗时 4 ms | SQL 语句：
SELECT COUNT(1) FROM houses_info hi LEFT JOIN building_info bi ON (bi.id = hi.building_id) LEFT JOIN owner_info oi ON (oi.id = hi.owner_id) LEFT JOIN worker_info wi ON (wi.id = hi.staff_id) WHERE 1 = 1;
2023-04-13 17:23:47.960 febs [http-nio-9527-exec-5] INFO  p6spy - 2023-04-13 17:23:47 | 耗时 3 ms | SQL 语句：
SELECT ID,name,phone,image,type,create_date FROM worker_info WHERE type = 1;
2023-04-13 17:23:47.964 febs [http-nio-9527-exec-6] INFO  p6spy - 2023-04-13 17:23:47 | 耗时 2 ms | SQL 语句：
SELECT hi.id, hi.address, hi.building_id AS buildingId, hi.number, hi.floor, hi.usage_area AS usageArea, hi.surface_area AS surfaceArea, hi.nature, hi.rooms, hi.staff_id AS staffId, hi.owner_id AS ownerId, hi.buyer, hi.create_date AS createDate, oi.name, oi.phone, oi.id_number AS idNumber, bi.name AS buildName, bi.address AS buildAddress, bi.street, bi.community, bi.usage_area AS buildUsageArea, bi.surface_area AS buildSurfaceArea, bi.type, bi.rooms AS buildRooms, bi.units, bi.layers, bi.images, wi.name AS workerName, wi.phone AS workerPhone, wi.image AS workerImage FROM houses_info hi LEFT JOIN building_info bi ON ( bi.id = hi.building_id ) LEFT JOIN owner_info oi ON ( oi.id = hi.owner_id ) LEFT JOIN worker_info wi ON (wi.id = hi.staff_id) WHERE 1 = 1 ORDER BY hi.create_date DESC LIMIT 0,10;
2023-04-13 17:24:12.801 febs [http-nio-9527-exec-8] INFO  c.m.f.common.authentication.JWTUtil - token is valid
2023-04-13 17:24:12.828 febs [http-nio-9527-exec-8] INFO  p6spy - 2023-04-13 17:24:12 | 耗时 1 ms | SQL 语句：
SELECT COUNT(1) FROM ( SELECT oi.id, oi.name, oi.phone, oi.images, oi.id_number AS idNumber, oi.create_date AS createDate, oi.user_id AS userId, tu.USERNAME AS account, tu.LAST_LOGIN_TIME AS lastTime, COUNT(hi.owner_id) AS housesNum FROM owner_info oi LEFT JOIN t_user tu ON (tu.USER_ID = oi.user_id) LEFT JOIN houses_info hi ON (hi.owner_id = oi.id) WHERE 1 = 1 GROUP BY oi.id ORDER BY OI.create_date DESC ) TOTAL;
2023-04-13 17:24:12.832 febs [http-nio-9527-exec-8] INFO  p6spy - 2023-04-13 17:24:12 | 耗时 1 ms | SQL 语句：
SELECT oi.id, oi.name, oi.phone, oi.images, oi.id_number AS idNumber, oi.create_date AS createDate, oi.user_id AS userId, tu.USERNAME AS account, tu.LAST_LOGIN_TIME AS lastTime, COUNT( hi.owner_id ) AS housesNum FROM owner_info oi LEFT JOIN t_user tu ON ( tu.USER_ID = oi.user_id ) LEFT JOIN houses_info hi ON ( hi.owner_id = oi.id ) WHERE 1 = 1 GROUP BY oi.id ORDER BY OI.create_date DESC LIMIT 0,10;
2023-04-13 17:24:17.966 febs [http-nio-9527-exec-5] INFO  c.m.f.common.authentication.JWTUtil - token is valid
2023-04-13 17:24:17.973 febs [http-nio-9527-exec-5] INFO  p6spy - 2023-04-13 17:24:17 | 耗时 2 ms | SQL 语句：
SELECT COUNT(1) FROM building_info bi WHERE 1 = 1;
2023-04-13 17:24:17.976 febs [http-nio-9527-exec-5] INFO  p6spy - 2023-04-13 17:24:17 | 耗时 1 ms | SQL 语句：
SELECT bi.id, bi.name, bi.address, bi.street, bi.community, bi.usage_area AS usageArea, bi.surface_area AS surfaceArea, bi.type, bi.rooms, bi.units, bi.layers, bi.images, bi.create_date AS createDate FROM building_info bi WHERE 1 = 1 ORDER BY bi.create_date DESC LIMIT 0,10;
2023-04-13 17:44:43.600 febs [scheduling-1] INFO  cc.mrbird.febs.common.task.CacheTask - delete expired user
2023-04-13 19:59:11.851 febs [scheduling-1] INFO  cc.mrbird.febs.common.task.CacheTask - delete expired user
2023-04-13 19:59:11.857 febs [scheduling-1] INFO  cc.mrbird.febs.common.task.CacheTask - delete expired user
2023-04-13 20:44:37.549 febs [scheduling-1] INFO  cc.mrbird.febs.common.task.CacheTask - delete expired user
2023-04-13 22:18:39.592 febs [scheduling-1] INFO  cc.mrbird.febs.common.task.CacheTask - delete expired user
2023-04-13 22:44:31.036 febs [scheduling-1] INFO  cc.mrbird.febs.common.task.CacheTask - delete expired user
2023-04-13 23:05:21.113 febs [Thread-44] INFO  org.quartz.core.QuartzScheduler - Scheduler MyScheduler_$_DESKTOP-ITVOUJ51681375475743 paused.
2023-04-13 23:05:21.193 febs [Thread-44] INFO  o.s.s.c.ThreadPoolTaskScheduler - Shutting down ExecutorService 'taskScheduler'
2023-04-13 23:05:22.222 febs [Thread-44] INFO  o.s.s.c.ThreadPoolTaskExecutor - Shutting down ExecutorService 'taskExecutor'
2023-04-13 23:05:22.223 febs [Thread-44] INFO  o.s.s.quartz.SchedulerFactoryBean - Shutting down Quartz Scheduler
2023-04-13 23:05:22.223 febs [Thread-44] INFO  org.quartz.core.QuartzScheduler - Scheduler MyScheduler_$_DESKTOP-ITVOUJ51681375475743 shutting down.
2023-04-13 23:05:22.223 febs [Thread-44] INFO  org.quartz.core.QuartzScheduler - Scheduler MyScheduler_$_DESKTOP-ITVOUJ51681375475743 paused.
2023-04-13 23:05:22.232 febs [Thread-44] INFO  org.quartz.core.QuartzScheduler - Scheduler MyScheduler_$_DESKTOP-ITVOUJ51681375475743 shutdown complete.
2023-04-13 23:05:22.254 febs [Thread-44] INFO  c.b.d.d.DynamicRoutingDataSource - closing dynamicDatasource  ing....
2023-04-13 23:05:22.264 febs [Thread-44] INFO  com.zaxxer.hikari.HikariDataSource - primary - Shutdown initiated...
2023-04-13 23:05:22.287 febs [Thread-44] INFO  com.zaxxer.hikari.HikariDataSource - primary - Shutdown completed.
