2023-04-24 13:29:01.854 febs [scheduling-1] INFO  cc.mrbird.febs.common.task.CacheTask - delete expired user
2023-04-24 13:29:01.886 febs [scheduling-1] INFO  cc.mrbird.febs.common.task.CacheTask - delete expired user
2023-04-24 13:29:01.887 febs [scheduling-1] INFO  cc.mrbird.febs.common.task.CacheTask - delete expired user
2023-04-24 13:29:01.887 febs [scheduling-1] INFO  cc.mrbird.febs.common.task.CacheTask - delete expired user
2023-04-24 13:29:01.888 febs [scheduling-1] INFO  cc.mrbird.febs.common.task.CacheTask - delete expired user
2023-04-24 13:29:01.888 febs [scheduling-1] INFO  cc.mrbird.febs.common.task.CacheTask - delete expired user
2023-04-24 13:29:01.889 febs [scheduling-1] INFO  cc.mrbird.febs.common.task.CacheTask - delete expired user
2023-04-24 13:29:01.889 febs [scheduling-1] INFO  cc.mrbird.febs.common.task.CacheTask - delete expired user
2023-04-24 13:29:01.889 febs [scheduling-1] INFO  cc.mrbird.febs.common.task.CacheTask - delete expired user
2023-04-24 13:29:01.890 febs [scheduling-1] INFO  cc.mrbird.febs.common.task.CacheTask - delete expired user
2023-04-24 13:29:01.890 febs [scheduling-1] INFO  cc.mrbird.febs.common.task.CacheTask - delete expired user
2023-04-24 13:29:01.890 febs [scheduling-1] INFO  cc.mrbird.febs.common.task.CacheTask - delete expired user
2023-04-24 13:29:01.890 febs [scheduling-1] INFO  cc.mrbird.febs.common.task.CacheTask - delete expired user
2023-04-24 13:29:01.891 febs [scheduling-1] INFO  cc.mrbird.febs.common.task.CacheTask - delete expired user
2023-04-24 13:29:01.893 febs [scheduling-1] INFO  cc.mrbird.febs.common.task.CacheTask - delete expired user
2023-04-24 13:29:01.893 febs [scheduling-1] INFO  cc.mrbird.febs.common.task.CacheTask - delete expired user
2023-04-24 13:29:01.893 febs [scheduling-1] INFO  cc.mrbird.febs.common.task.CacheTask - delete expired user
2023-04-24 13:29:01.894 febs [scheduling-1] INFO  cc.mrbird.febs.common.task.CacheTask - delete expired user
2023-04-24 13:29:01.894 febs [scheduling-1] INFO  cc.mrbird.febs.common.task.CacheTask - delete expired user
2023-04-24 14:15:37.813 febs [scheduling-1] INFO  cc.mrbird.febs.common.task.CacheTask - delete expired user
2023-04-24 19:39:49.618 febs [scheduling-1] INFO  cc.mrbird.febs.common.task.CacheTask - delete expired user
2023-04-24 19:39:49.620 febs [scheduling-1] INFO  cc.mrbird.febs.common.task.CacheTask - delete expired user
2023-04-24 19:39:49.620 febs [scheduling-1] INFO  cc.mrbird.febs.common.task.CacheTask - delete expired user
2023-04-24 19:39:49.620 febs [scheduling-1] INFO  cc.mrbird.febs.common.task.CacheTask - delete expired user
2023-04-24 19:39:49.620 febs [scheduling-1] INFO  cc.mrbird.febs.common.task.CacheTask - delete expired user
2023-04-24 19:44:32.561 febs [scheduling-1] INFO  cc.mrbird.febs.common.task.CacheTask - delete expired user
2023-04-24 21:35:53.981 febs [Thread-29] INFO  org.quartz.core.QuartzScheduler - Scheduler MyScheduler_$_DESKTOP-ITVOUJ51682243082547 paused.
2023-04-24 21:35:53.998 febs [Thread-29] INFO  o.s.s.c.ThreadPoolTaskScheduler - Shutting down ExecutorService 'taskScheduler'
2023-04-24 21:35:54.110 febs [Thread-29] INFO  o.s.s.c.ThreadPoolTaskExecutor - Shutting down ExecutorService 'taskExecutor'
2023-04-24 21:35:54.112 febs [Thread-29] INFO  o.s.s.quartz.SchedulerFactoryBean - Shutting down Quartz Scheduler
2023-04-24 21:35:54.112 febs [Thread-29] INFO  org.quartz.core.QuartzScheduler - Scheduler MyScheduler_$_DESKTOP-ITVOUJ51682243082547 shutting down.
2023-04-24 21:35:54.112 febs [Thread-29] INFO  org.quartz.core.QuartzScheduler - Scheduler MyScheduler_$_DESKTOP-ITVOUJ51682243082547 paused.
2023-04-24 21:35:54.117 febs [Thread-29] INFO  org.quartz.core.QuartzScheduler - Scheduler MyScheduler_$_DESKTOP-ITVOUJ51682243082547 shutdown complete.
2023-04-24 21:35:54.143 febs [Thread-29] INFO  c.b.d.d.DynamicRoutingDataSource - closing dynamicDatasource  ing....
2023-04-24 21:35:54.149 febs [Thread-29] INFO  com.zaxxer.hikari.HikariDataSource - primary - Shutdown initiated...
2023-04-24 21:35:54.156 febs [Thread-29] INFO  com.zaxxer.hikari.HikariDataSource - primary - Shutdown completed.
2023-04-24 21:42:01.834 febs [main] INFO  cc.mrbird.febs.FebsApplication - Starting FebsApplication on DESKTOP-ITVOUJ5 with PID 15732 (started by DELL in E:\Project\小区物业管理系统\backend)
2023-04-24 21:42:01.839 febs [main] INFO  cc.mrbird.febs.FebsApplication - No active profile set, falling back to default profiles: default
2023-04-24 21:42:04.610 febs [main] INFO  o.s.d.r.c.RepositoryConfigurationDelegate - Multiple Spring Data modules found, entering strict repository configuration mode!
2023-04-24 21:42:04.614 febs [main] INFO  o.s.d.r.c.RepositoryConfigurationDelegate - Bootstrapping Spring Data repositories in DEFAULT mode.
2023-04-24 21:42:04.681 febs [main] INFO  o.s.d.r.c.RepositoryConfigurationDelegate - Finished Spring Data repository scanning in 48ms. Found 0 repository interfaces.
2023-04-24 21:42:05.113 febs [main] INFO  o.s.c.s.PostProcessorRegistrationDelegate$BeanPostProcessorChecker - Bean 'asyncExecutorPoolConfig' of type [cc.mrbird.febs.common.config.AsyncExecutorPoolConfig$$EnhancerBySpringCGLIB$$71cd6f4b] is not eligible for getting processed by all BeanPostProcessors (for example: not eligible for auto-proxying)
2023-04-24 21:42:05.271 febs [main] INFO  o.s.c.s.PostProcessorRegistrationDelegate$BeanPostProcessorChecker - Bean 'spring.datasource.dynamic-com.baomidou.dynamic.datasource.spring.boot.autoconfigure.DynamicDataSourceProperties' of type [com.baomidou.dynamic.datasource.spring.boot.autoconfigure.DynamicDataSourceProperties] is not eligible for getting processed by all BeanPostProcessors (for example: not eligible for auto-proxying)
2023-04-24 21:42:05.393 febs [main] INFO  o.s.c.s.PostProcessorRegistrationDelegate$BeanPostProcessorChecker - Bean 'com.baomidou.dynamic.datasource.spring.boot.autoconfigure.DynamicDataSourceAutoConfiguration' of type [com.baomidou.dynamic.datasource.spring.boot.autoconfigure.DynamicDataSourceAutoConfiguration$$EnhancerBySpringCGLIB$$4c1cbaef] is not eligible for getting processed by all BeanPostProcessors (for example: not eligible for auto-proxying)
2023-04-24 21:42:05.404 febs [main] INFO  o.s.c.s.PostProcessorRegistrationDelegate$BeanPostProcessorChecker - Bean 'dsProcessor' of type [com.baomidou.dynamic.datasource.processor.DsHeaderProcessor] is not eligible for getting processed by all BeanPostProcessors (for example: not eligible for auto-proxying)
2023-04-24 21:42:05.407 febs [main] INFO  o.s.c.s.PostProcessorRegistrationDelegate$BeanPostProcessorChecker - Bean 'dynamicDatasourceAnnotationAdvisor' of type [com.baomidou.dynamic.datasource.aop.DynamicDataSourceAnnotationAdvisor] is not eligible for getting processed by all BeanPostProcessors (for example: not eligible for auto-proxying)
2023-04-24 21:42:05.418 febs [main] INFO  o.s.c.s.PostProcessorRegistrationDelegate$BeanPostProcessorChecker - Bean 'org.springframework.transaction.annotation.ProxyTransactionManagementConfiguration' of type [org.springframework.transaction.annotation.ProxyTransactionManagementConfiguration$$EnhancerBySpringCGLIB$$e28e4a1e] is not eligible for getting processed by all BeanPostProcessors (for example: not eligible for auto-proxying)
2023-04-24 21:42:05.440 febs [main] INFO  o.s.c.s.PostProcessorRegistrationDelegate$BeanPostProcessorChecker - Bean 'shiroConfig' of type [cc.mrbird.febs.common.authentication.ShiroConfig$$EnhancerBySpringCGLIB$$4e0e4bc7] is not eligible for getting processed by all BeanPostProcessors (for example: not eligible for auto-proxying)
2023-04-24 21:42:06.038 febs [main] INFO  o.s.c.s.PostProcessorRegistrationDelegate$BeanPostProcessorChecker - Bean 'redisConfig' of type [cc.mrbird.febs.common.config.RedisConfig$$EnhancerBySpringCGLIB$$46d3031b] is not eligible for getting processed by all BeanPostProcessors (for example: not eligible for auto-proxying)
2023-04-24 21:42:06.140 febs [main] INFO  o.s.c.s.PostProcessorRegistrationDelegate$BeanPostProcessorChecker - Bean 'redisPoolFactory' of type [redis.clients.jedis.JedisPool] is not eligible for getting processed by all BeanPostProcessors (for example: not eligible for auto-proxying)
2023-04-24 21:42:06.145 febs [main] INFO  o.s.c.s.PostProcessorRegistrationDelegate$BeanPostProcessorChecker - Bean 'redisService' of type [cc.mrbird.febs.common.service.impl.RedisServiceImpl] is not eligible for getting processed by all BeanPostProcessors (for example: not eligible for auto-proxying)
2023-04-24 21:42:06.264 febs [main] INFO  o.s.c.s.PostProcessorRegistrationDelegate$BeanPostProcessorChecker - Bean 'mybatis-plus-com.baomidou.mybatisplus.autoconfigure.MybatisPlusProperties' of type [com.baomidou.mybatisplus.autoconfigure.MybatisPlusProperties] is not eligible for getting processed by all BeanPostProcessors (for example: not eligible for auto-proxying)
2023-04-24 21:42:06.274 febs [main] INFO  o.s.c.s.PostProcessorRegistrationDelegate$BeanPostProcessorChecker - Bean 'mybatisPlusConfig' of type [cc.mrbird.febs.common.config.MybatisPlusConfig$$EnhancerBySpringCGLIB$$3415a62d] is not eligible for getting processed by all BeanPostProcessors (for example: not eligible for auto-proxying)
2023-04-24 21:42:06.279 febs [main] INFO  o.s.c.s.PostProcessorRegistrationDelegate$BeanPostProcessorChecker - Bean 'paginationInterceptor' of type [com.baomidou.mybatisplus.extension.plugins.PaginationInterceptor] is not eligible for getting processed by all BeanPostProcessors (for example: not eligible for auto-proxying)
2023-04-24 21:42:06.287 febs [main] INFO  o.s.c.s.PostProcessorRegistrationDelegate$BeanPostProcessorChecker - Bean 'com.baomidou.mybatisplus.autoconfigure.MybatisPlusAutoConfiguration' of type [com.baomidou.mybatisplus.autoconfigure.MybatisPlusAutoConfiguration$$EnhancerBySpringCGLIB$$2056b6b8] is not eligible for getting processed by all BeanPostProcessors (for example: not eligible for auto-proxying)
2023-04-24 21:42:06.299 febs [main] INFO  o.s.c.s.PostProcessorRegistrationDelegate$BeanPostProcessorChecker - Bean 'dynamicDataSourceCreator' of type [com.baomidou.dynamic.datasource.DynamicDataSourceCreator] is not eligible for getting processed by all BeanPostProcessors (for example: not eligible for auto-proxying)
2023-04-24 21:42:06.300 febs [main] INFO  o.s.c.s.PostProcessorRegistrationDelegate$BeanPostProcessorChecker - Bean 'dynamicDataSourceProvider' of type [com.baomidou.dynamic.datasource.provider.YmlDynamicDataSourceProvider] is not eligible for getting processed by all BeanPostProcessors (for example: not eligible for auto-proxying)
2023-04-24 21:42:06.304 febs [main] INFO  c.b.d.d.DynamicRoutingDataSource - 动态数据源-检测到并开启了p6spy
2023-04-24 21:42:06.315 febs [main] INFO  com.zaxxer.hikari.HikariDataSource - primary - Starting...
2023-04-24 21:42:06.755 febs [main] INFO  com.zaxxer.hikari.HikariDataSource - primary - Start completed.
2023-04-24 21:42:06.756 febs [main] INFO  c.b.d.d.DynamicRoutingDataSource - 初始共加载 1 个数据源
2023-04-24 21:42:06.756 febs [main] INFO  c.b.d.d.DynamicRoutingDataSource - 动态数据源-加载 primary 成功
2023-04-24 21:42:06.756 febs [main] INFO  c.b.d.d.DynamicRoutingDataSource - 当前的默认数据源是单数据源，数据源名为 primary
2023-04-24 21:42:06.756 febs [main] INFO  o.s.c.s.PostProcessorRegistrationDelegate$BeanPostProcessorChecker - Bean 'dataSource' of type [com.baomidou.dynamic.datasource.DynamicRoutingDataSource] is not eligible for getting processed by all BeanPostProcessors (for example: not eligible for auto-proxying)
2023-04-24 21:42:06.771 febs [main] INFO  o.s.c.s.PostProcessorRegistrationDelegate$BeanPostProcessorChecker - Bean 'spring.datasource-org.springframework.boot.autoconfigure.jdbc.DataSourceProperties' of type [org.springframework.boot.autoconfigure.jdbc.DataSourceProperties] is not eligible for getting processed by all BeanPostProcessors (for example: not eligible for auto-proxying)
2023-04-24 21:42:06.781 febs [main] INFO  o.s.c.s.PostProcessorRegistrationDelegate$BeanPostProcessorChecker - Bean 'org.springframework.boot.autoconfigure.jdbc.DataSourceInitializerInvoker' of type [org.springframework.boot.autoconfigure.jdbc.DataSourceInitializerInvoker] is not eligible for getting processed by all BeanPostProcessors (for example: not eligible for auto-proxying)
2023-04-24 21:42:07.909 febs [main] INFO  o.s.c.s.PostProcessorRegistrationDelegate$BeanPostProcessorChecker - Bean 'sqlSessionFactory' of type [org.apache.ibatis.session.defaults.DefaultSqlSessionFactory] is not eligible for getting processed by all BeanPostProcessors (for example: not eligible for auto-proxying)
2023-04-24 21:42:07.918 febs [main] INFO  o.s.c.s.PostProcessorRegistrationDelegate$BeanPostProcessorChecker - Bean 'sqlSessionTemplate' of type [org.mybatis.spring.SqlSessionTemplate] is not eligible for getting processed by all BeanPostProcessors (for example: not eligible for auto-proxying)
2023-04-24 21:42:07.923 febs [main] INFO  o.s.c.s.PostProcessorRegistrationDelegate$BeanPostProcessorChecker - Bean 'roleMapper' of type [org.mybatis.spring.mapper.MapperFactoryBean] is not eligible for getting processed by all BeanPostProcessors (for example: not eligible for auto-proxying)
2023-04-24 21:42:07.926 febs [main] INFO  o.s.c.s.PostProcessorRegistrationDelegate$BeanPostProcessorChecker - Bean 'roleMapper' of type [com.sun.proxy.$Proxy109] is not eligible for getting processed by all BeanPostProcessors (for example: not eligible for auto-proxying)
2023-04-24 21:42:07.957 febs [main] INFO  o.s.c.s.PostProcessorRegistrationDelegate$BeanPostProcessorChecker - Bean 'roleMenuMapper' of type [org.mybatis.spring.mapper.MapperFactoryBean] is not eligible for getting processed by all BeanPostProcessors (for example: not eligible for auto-proxying)
2023-04-24 21:42:07.959 febs [main] INFO  o.s.c.s.PostProcessorRegistrationDelegate$BeanPostProcessorChecker - Bean 'roleMenuMapper' of type [com.sun.proxy.$Proxy111] is not eligible for getting processed by all BeanPostProcessors (for example: not eligible for auto-proxying)
2023-04-24 21:42:07.967 febs [main] INFO  o.s.c.s.PostProcessorRegistrationDelegate$BeanPostProcessorChecker - Bean 'userRoleMapper' of type [org.mybatis.spring.mapper.MapperFactoryBean] is not eligible for getting processed by all BeanPostProcessors (for example: not eligible for auto-proxying)
2023-04-24 21:42:07.969 febs [main] INFO  o.s.c.s.PostProcessorRegistrationDelegate$BeanPostProcessorChecker - Bean 'userRoleMapper' of type [com.sun.proxy.$Proxy112] is not eligible for getting processed by all BeanPostProcessors (for example: not eligible for auto-proxying)
2023-04-24 21:42:07.972 febs [main] INFO  o.s.c.s.PostProcessorRegistrationDelegate$BeanPostProcessorChecker - Bean 'userRoleService' of type [cc.mrbird.febs.system.service.impl.UserRoleServiceImpl] is not eligible for getting processed by all BeanPostProcessors (for example: not eligible for auto-proxying)
2023-04-24 21:42:08.027 febs [main] INFO  o.s.c.s.PostProcessorRegistrationDelegate$BeanPostProcessorChecker - Bean 'roleMenuService' of type [cc.mrbird.febs.system.service.impl.RoleMenuServiceImpl] is not eligible for getting processed by all BeanPostProcessors (for example: not eligible for auto-proxying)
2023-04-24 21:42:08.056 febs [main] INFO  o.s.c.s.PostProcessorRegistrationDelegate$BeanPostProcessorChecker - Bean 'roleService' of type [cc.mrbird.febs.system.service.impl.RoleServiceImpl] is not eligible for getting processed by all BeanPostProcessors (for example: not eligible for auto-proxying)
2023-04-24 21:42:08.087 febs [main] INFO  o.s.c.s.PostProcessorRegistrationDelegate$BeanPostProcessorChecker - Bean 'menuMapper' of type [org.mybatis.spring.mapper.MapperFactoryBean] is not eligible for getting processed by all BeanPostProcessors (for example: not eligible for auto-proxying)
2023-04-24 21:42:08.088 febs [main] INFO  o.s.c.s.PostProcessorRegistrationDelegate$BeanPostProcessorChecker - Bean 'menuMapper' of type [com.sun.proxy.$Proxy116] is not eligible for getting processed by all BeanPostProcessors (for example: not eligible for auto-proxying)
2023-04-24 21:42:08.092 febs [main] INFO  o.s.c.s.PostProcessorRegistrationDelegate$BeanPostProcessorChecker - Bean 'menuService' of type [cc.mrbird.febs.system.service.impl.MenuServiceImpl] is not eligible for getting processed by all BeanPostProcessors (for example: not eligible for auto-proxying)
2023-04-24 21:42:08.125 febs [main] INFO  o.s.c.s.PostProcessorRegistrationDelegate$BeanPostProcessorChecker - Bean 'userMapper' of type [org.mybatis.spring.mapper.MapperFactoryBean] is not eligible for getting processed by all BeanPostProcessors (for example: not eligible for auto-proxying)
2023-04-24 21:42:08.127 febs [main] INFO  o.s.c.s.PostProcessorRegistrationDelegate$BeanPostProcessorChecker - Bean 'userMapper' of type [com.sun.proxy.$Proxy118] is not eligible for getting processed by all BeanPostProcessors (for example: not eligible for auto-proxying)
2023-04-24 21:42:08.163 febs [main] INFO  o.s.c.s.PostProcessorRegistrationDelegate$BeanPostProcessorChecker - Bean 'userConfigMapper' of type [org.mybatis.spring.mapper.MapperFactoryBean] is not eligible for getting processed by all BeanPostProcessors (for example: not eligible for auto-proxying)
2023-04-24 21:42:08.165 febs [main] INFO  o.s.c.s.PostProcessorRegistrationDelegate$BeanPostProcessorChecker - Bean 'userConfigMapper' of type [com.sun.proxy.$Proxy119] is not eligible for getting processed by all BeanPostProcessors (for example: not eligible for auto-proxying)
2023-04-24 21:42:08.170 febs [main] INFO  o.s.c.s.PostProcessorRegistrationDelegate$BeanPostProcessorChecker - Bean 'userConfigService' of type [cc.mrbird.febs.system.service.impl.UserConfigServiceImpl] is not eligible for getting processed by all BeanPostProcessors (for example: not eligible for auto-proxying)
2023-04-24 21:42:08.206 febs [main] INFO  o.s.c.s.PostProcessorRegistrationDelegate$BeanPostProcessorChecker - Bean 'ownerInfoMapper' of type [org.mybatis.spring.mapper.MapperFactoryBean] is not eligible for getting processed by all BeanPostProcessors (for example: not eligible for auto-proxying)
2023-04-24 21:42:08.208 febs [main] INFO  o.s.c.s.PostProcessorRegistrationDelegate$BeanPostProcessorChecker - Bean 'ownerInfoMapper' of type [com.sun.proxy.$Proxy121] is not eligible for getting processed by all BeanPostProcessors (for example: not eligible for auto-proxying)
2023-04-24 21:42:08.209 febs [main] INFO  o.s.c.s.PostProcessorRegistrationDelegate$BeanPostProcessorChecker - Bean 'ownerInfoServiceImpl' of type [cc.mrbird.febs.cos.service.impl.OwnerInfoServiceImpl] is not eligible for getting processed by all BeanPostProcessors (for example: not eligible for auto-proxying)
2023-04-24 21:42:08.228 febs [main] INFO  o.s.c.s.PostProcessorRegistrationDelegate$BeanPostProcessorChecker - Bean 'userService' of type [cc.mrbird.febs.system.service.impl.UserServiceImpl] is not eligible for getting processed by all BeanPostProcessors (for example: not eligible for auto-proxying)
2023-04-24 21:42:08.264 febs [main] INFO  o.s.c.s.PostProcessorRegistrationDelegate$BeanPostProcessorChecker - Bean 'org.springframework.boot.autoconfigure.jackson.JacksonAutoConfiguration$JacksonObjectMapperConfiguration' of type [org.springframework.boot.autoconfigure.jackson.JacksonAutoConfiguration$JacksonObjectMapperConfiguration$$EnhancerBySpringCGLIB$$3e21c9af] is not eligible for getting processed by all BeanPostProcessors (for example: not eligible for auto-proxying)
2023-04-24 21:42:08.269 febs [main] INFO  o.s.c.s.PostProcessorRegistrationDelegate$BeanPostProcessorChecker - Bean 'org.springframework.boot.autoconfigure.jackson.JacksonAutoConfiguration$JacksonObjectMapperBuilderConfiguration' of type [org.springframework.boot.autoconfigure.jackson.JacksonAutoConfiguration$JacksonObjectMapperBuilderConfiguration$$EnhancerBySpringCGLIB$$f06e8bc8] is not eligible for getting processed by all BeanPostProcessors (for example: not eligible for auto-proxying)
2023-04-24 21:42:08.272 febs [main] INFO  o.s.c.s.PostProcessorRegistrationDelegate$BeanPostProcessorChecker - Bean 'org.springframework.boot.autoconfigure.jackson.JacksonAutoConfiguration$Jackson2ObjectMapperBuilderCustomizerConfiguration' of type [org.springframework.boot.autoconfigure.jackson.JacksonAutoConfiguration$Jackson2ObjectMapperBuilderCustomizerConfiguration$$EnhancerBySpringCGLIB$$ab8571b7] is not eligible for getting processed by all BeanPostProcessors (for example: not eligible for auto-proxying)
2023-04-24 21:42:08.283 febs [main] INFO  o.s.c.s.PostProcessorRegistrationDelegate$BeanPostProcessorChecker - Bean 'spring.jackson-org.springframework.boot.autoconfigure.jackson.JacksonProperties' of type [org.springframework.boot.autoconfigure.jackson.JacksonProperties] is not eligible for getting processed by all BeanPostProcessors (for example: not eligible for auto-proxying)
2023-04-24 21:42:08.286 febs [main] INFO  o.s.c.s.PostProcessorRegistrationDelegate$BeanPostProcessorChecker - Bean 'standardJacksonObjectMapperBuilderCustomizer' of type [org.springframework.boot.autoconfigure.jackson.JacksonAutoConfiguration$Jackson2ObjectMapperBuilderCustomizerConfiguration$StandardJackson2ObjectMapperBuilderCustomizer] is not eligible for getting processed by all BeanPostProcessors (for example: not eligible for auto-proxying)
2023-04-24 21:42:08.293 febs [main] INFO  o.s.c.s.PostProcessorRegistrationDelegate$BeanPostProcessorChecker - Bean 'org.springframework.boot.autoconfigure.jackson.JacksonAutoConfiguration$ParameterNamesModuleConfiguration' of type [org.springframework.boot.autoconfigure.jackson.JacksonAutoConfiguration$ParameterNamesModuleConfiguration$$EnhancerBySpringCGLIB$$d250e8e5] is not eligible for getting processed by all BeanPostProcessors (for example: not eligible for auto-proxying)
2023-04-24 21:42:08.301 febs [main] INFO  o.s.c.s.PostProcessorRegistrationDelegate$BeanPostProcessorChecker - Bean 'parameterNamesModule' of type [com.fasterxml.jackson.module.paramnames.ParameterNamesModule] is not eligible for getting processed by all BeanPostProcessors (for example: not eligible for auto-proxying)
2023-04-24 21:42:08.304 febs [main] INFO  o.s.c.s.PostProcessorRegistrationDelegate$BeanPostProcessorChecker - Bean 'org.springframework.boot.autoconfigure.jackson.JacksonAutoConfiguration' of type [org.springframework.boot.autoconfigure.jackson.JacksonAutoConfiguration$$EnhancerBySpringCGLIB$$202d673e] is not eligible for getting processed by all BeanPostProcessors (for example: not eligible for auto-proxying)
2023-04-24 21:42:08.316 febs [main] INFO  o.s.c.s.PostProcessorRegistrationDelegate$BeanPostProcessorChecker - Bean 'jsonComponentModule' of type [org.springframework.boot.jackson.JsonComponentModule] is not eligible for getting processed by all BeanPostProcessors (for example: not eligible for auto-proxying)
2023-04-24 21:42:08.318 febs [main] INFO  o.s.c.s.PostProcessorRegistrationDelegate$BeanPostProcessorChecker - Bean 'org.springframework.data.web.config.SpringDataJacksonConfiguration' of type [org.springframework.data.web.config.SpringDataJacksonConfiguration] is not eligible for getting processed by all BeanPostProcessors (for example: not eligible for auto-proxying)
2023-04-24 21:42:08.323 febs [main] INFO  o.s.c.s.PostProcessorRegistrationDelegate$BeanPostProcessorChecker - Bean 'jacksonGeoModule' of type [org.springframework.data.geo.GeoModule] is not eligible for getting processed by all BeanPostProcessors (for example: not eligible for auto-proxying)
2023-04-24 21:42:08.326 febs [main] INFO  o.s.c.s.PostProcessorRegistrationDelegate$BeanPostProcessorChecker - Bean 'jacksonObjectMapperBuilder' of type [org.springframework.http.converter.json.Jackson2ObjectMapperBuilder] is not eligible for getting processed by all BeanPostProcessors (for example: not eligible for auto-proxying)
2023-04-24 21:42:08.352 febs [main] INFO  o.s.c.s.PostProcessorRegistrationDelegate$BeanPostProcessorChecker - Bean 'jacksonObjectMapper' of type [com.fasterxml.jackson.databind.ObjectMapper] is not eligible for getting processed by all BeanPostProcessors (for example: not eligible for auto-proxying)
2023-04-24 21:42:08.374 febs [main] INFO  o.s.c.s.PostProcessorRegistrationDelegate$BeanPostProcessorChecker - Bean 'cacheService' of type [cc.mrbird.febs.common.service.impl.CacheServiceImpl] is not eligible for getting processed by all BeanPostProcessors (for example: not eligible for auto-proxying)
2023-04-24 21:42:08.381 febs [main] INFO  o.s.c.s.PostProcessorRegistrationDelegate$BeanPostProcessorChecker - Bean 'userManager' of type [cc.mrbird.febs.system.manager.UserManager] is not eligible for getting processed by all BeanPostProcessors (for example: not eligible for auto-proxying)
2023-04-24 21:42:08.382 febs [main] INFO  o.s.c.s.PostProcessorRegistrationDelegate$BeanPostProcessorChecker - Bean 'shiroRealm' of type [cc.mrbird.febs.common.authentication.ShiroRealm] is not eligible for getting processed by all BeanPostProcessors (for example: not eligible for auto-proxying)
2023-04-24 21:42:08.405 febs [main] INFO  o.s.c.s.PostProcessorRegistrationDelegate$BeanPostProcessorChecker - Bean 'securityManager' of type [org.apache.shiro.web.mgt.DefaultWebSecurityManager] is not eligible for getting processed by all BeanPostProcessors (for example: not eligible for auto-proxying)
2023-04-24 21:42:08.423 febs [main] INFO  o.s.c.s.PostProcessorRegistrationDelegate$BeanPostProcessorChecker - Bean 'authorizationAttributeSourceAdvisor' of type [org.apache.shiro.spring.security.interceptor.AuthorizationAttributeSourceAdvisor] is not eligible for getting processed by all BeanPostProcessors (for example: not eligible for auto-proxying)
2023-04-24 21:42:08.838 febs [main] INFO  o.s.b.w.e.tomcat.TomcatWebServer - Tomcat initialized with port(s): 9527 (http)
2023-04-24 21:42:08.851 febs [main] INFO  o.a.coyote.http11.Http11NioProtocol - Initializing ProtocolHandler ["http-nio-9527"]
2023-04-24 21:42:08.856 febs [main] INFO  o.a.catalina.core.StandardService - Starting service [Tomcat]
2023-04-24 21:42:08.856 febs [main] INFO  o.a.catalina.core.StandardEngine - Starting Servlet Engine: Apache Tomcat/9.0.12
2023-04-24 21:42:08.863 febs [main] INFO  o.a.c.core.AprLifecycleListener - The APR based Apache Tomcat Native library which allows optimal performance in production environments was not found on the java.library.path: [F:\jdk\jdk8\bin;C:\WINDOWS\Sun\Java\bin;C:\WINDOWS\system32;C:\WINDOWS;C:\Program Files\Common Files\Oracle\Java\javapath;C:\ProgramData\Oracle\Java\javapath;C:\Windows\system32;C:\Windows;C:\Windows\System32\Wbem;C:\Windows\System32\WindowsPowerShell\v1.0\;C:\Windows\System32\OpenSSH\;C:\Program Files (x86)\NVIDIA Corporation\PhysX\Common;C:\Program Files\NVIDIA Corporation\NVIDIA NvDLISR;F:\SQL\bin;C:\Program Files (x86)\Microsoft SQL Server\130\Tools\Binn\;C:\Program Files\Microsoft SQL Server\130\Tools\Binn\;C:\Program Files (x86)\Microsoft SQL Server\130\DTS\Binn\;C:\Program Files\Microsoft SQL Server\130\DTS\Binn\;C:\Program Files\Microsoft SQL Server\Client SDK\ODBC\130\Tools\Binn\;C:\Program Files (x86)\Microsoft SQL Server\150\DTS\Binn\;F:\Git\Git\cmd;F:\mongoDB\bin;C:\WINDOWS\system32;C:\WINDOWS;C:\WINDOWS\System32\Wbem;C:\WINDOWS\System32\WindowsPowerShell\v1.0\;C:\WINDOWS\System32\OpenSSH\;D:\Java_tool\maven\maven_work\apache-maven-3.8.1-bin\apache-maven-3.8.1\bin\bin;F:\Xshell\;%MAVEN_HOME%\bin;D:\Java_tool\maven\maven_work\apache-maven-3.8.1-bin\apache-maven-3.8.1\bin;F:\node;F:\node\node_global;C:\Program Files\dotnet\;F:\xftp\xftp7\;F:\node\;C:\Program Files(x86)\Tencent\微信开发者工具\dll;F:\python\python31\Scripts\;F:\python\python31\;C:\Users\DELL\AppData\Local\Microsoft\WindowsApps;F:\VS code\Microsoft VS Code\bin;E:\Developer\nodejs\npm_global;F:\MySQL\mysql-8.0.23-winx64\bin;C:\Users\DELL\AppData\Roaming\npm;.]
2023-04-24 21:42:09.294 febs [main] INFO  o.a.c.c.C.[Tomcat].[localhost].[/] - Initializing Spring embedded WebApplicationContext
2023-04-24 21:42:09.294 febs [main] INFO  o.s.web.context.ContextLoader - Root WebApplicationContext: initialization completed in 7400 ms
2023-04-24 21:42:10.031 febs [main] INFO  o.s.b.w.s.FilterRegistrationBean - Mapping filter: 'characterEncodingFilter' to: [/*]
2023-04-24 21:42:10.031 febs [main] INFO  o.s.b.w.s.FilterRegistrationBean - Mapping filter: 'webMvcMetricsFilter' to: [/*]
2023-04-24 21:42:10.031 febs [main] INFO  o.s.b.w.s.FilterRegistrationBean - Mapping filter: 'hiddenHttpMethodFilter' to: [/*]
2023-04-24 21:42:10.032 febs [main] INFO  o.s.b.w.s.FilterRegistrationBean - Mapping filter: 'formContentFilter' to: [/*]
2023-04-24 21:42:10.032 febs [main] INFO  o.s.b.w.s.FilterRegistrationBean - Mapping filter: 'requestContextFilter' to: [/*]
2023-04-24 21:42:10.032 febs [main] INFO  o.s.b.w.s.FilterRegistrationBean - Mapping filter: 'httpTraceFilter' to: [/*]
2023-04-24 21:42:10.032 febs [main] INFO  o.s.b.w.s.FilterRegistrationBean - Mapping filter: 'shiroFilterFactoryBean' to: [/*]
2023-04-24 21:42:10.032 febs [main] INFO  o.s.b.w.s.ServletRegistrationBean - Servlet dispatcherServlet mapped to [/]
2023-04-24 21:42:10.844 febs [main] INFO  org.quartz.impl.StdSchedulerFactory - Using default implementation for ThreadExecutor
2023-04-24 21:42:10.863 febs [main] INFO  o.quartz.core.SchedulerSignalerImpl - Initialized Scheduler Signaller of type: class org.quartz.core.SchedulerSignalerImpl
2023-04-24 21:42:10.863 febs [main] INFO  org.quartz.core.QuartzScheduler - Quartz Scheduler v.2.3.0 created.
2023-04-24 21:42:10.870 febs [main] INFO  o.s.s.quartz.LocalDataSourceJobStore - Using db table-based data access locking (synchronization).
2023-04-24 21:42:10.873 febs [main] INFO  o.s.s.quartz.LocalDataSourceJobStore - JobStoreCMT initialized.
2023-04-24 21:42:10.874 febs [main] INFO  org.quartz.core.QuartzScheduler - Scheduler meta-data: Quartz Scheduler (v2.3.0) 'MyScheduler' with instanceId 'DESKTOP-ITVOUJ51682343730846'
  Scheduler class: 'org.quartz.core.QuartzScheduler' - running locally.
  NOT STARTED.
  Currently in standby mode.
  Number of jobs executed: 0
  Using thread pool 'org.quartz.simpl.SimpleThreadPool' - with 20 threads.
  Using job-store 'org.springframework.scheduling.quartz.LocalDataSourceJobStore' - which supports persistence. and is clustered.

2023-04-24 21:42:10.874 febs [main] INFO  org.quartz.impl.StdSchedulerFactory - Quartz scheduler 'MyScheduler' initialized from an externally provided properties instance.
2023-04-24 21:42:10.874 febs [main] INFO  org.quartz.impl.StdSchedulerFactory - Quartz scheduler version: 2.3.0
2023-04-24 21:42:10.876 febs [main] INFO  org.quartz.core.QuartzScheduler - JobFactory set to: org.springframework.scheduling.quartz.AdaptableJobFactory@3513d214
2023-04-24 21:42:10.971 febs [main] INFO  p6spy - 2023-04-24 21:42:10 | 耗时 12 ms | SQL 语句：
select job_id jobId, bean_name beanName, method_name methodName, params, cron_expression cronExpression, status, remark, create_time createTime from t_job order by job_id;
2023-04-24 21:42:12.036 febs [main] INFO  o.s.s.c.ThreadPoolTaskExecutor - Initializing ExecutorService 'taskExecutor'
2023-04-24 21:42:14.978 febs [main] INFO  o.s.s.c.ThreadPoolTaskScheduler - Initializing ExecutorService 'taskScheduler'
2023-04-24 21:42:15.055 febs [main] INFO  o.s.b.a.e.web.EndpointLinksResolver - Exposing 2 endpoint(s) beneath base path '/actuator'
2023-04-24 21:42:15.173 febs [main] INFO  o.s.s.quartz.SchedulerFactoryBean - Will start Quartz Scheduler [MyScheduler] in 1 seconds
2023-04-24 21:42:15.193 febs [main] INFO  o.a.coyote.http11.Http11NioProtocol - Starting ProtocolHandler ["http-nio-9527"]
2023-04-24 21:42:15.213 febs [scheduling-1] INFO  cc.mrbird.febs.common.task.CacheTask - delete expired user
2023-04-24 21:42:15.217 febs [main] INFO  o.a.tomcat.util.net.NioSelectorPool - Using a shared selector for servlet write/read
2023-04-24 21:42:15.242 febs [main] INFO  o.s.b.w.e.tomcat.TomcatWebServer - Tomcat started on port(s): 9527 (http) with context path ''
2023-04-24 21:42:15.246 febs [main] INFO  cc.mrbird.febs.FebsApplication - Started FebsApplication in 14.292 seconds (JVM running for 20.068)
2023-04-24 21:42:15.257 febs [main] INFO  c.m.f.common.runner.CacheInitRunner - Redis连接中 ······
2023-04-24 21:42:15.258 febs [main] INFO  c.m.f.common.runner.CacheInitRunner - 缓存初始化 ······
2023-04-24 21:42:15.258 febs [main] INFO  c.m.f.common.runner.CacheInitRunner - 缓存用户数据 ······
2023-04-24 21:42:15.299 febs [main] INFO  p6spy - 2023-04-24 21:42:15 | 耗时 11 ms | SQL 语句：
SELECT USER_ID,username,password,dept_id,email,mobile,status,create_time,modify_time,last_login_time,ssex,description,avatar FROM t_user;
2023-04-24 21:42:15.318 febs [main] INFO  p6spy - 2023-04-24 21:42:15 | 耗时 15 ms | SQL 语句：
SELECT u.user_id userId, u.username, u.password, u.email, u.mobile, u. STATUS, u.create_time createTime, u.ssex, d.dept_id deptId, d.dept_name deptName, u.AVATAR, u.DESCRIPTION, u.LAST_LOGIN_TIME lastLoginTime, GROUP_CONCAT(r.role_id) roleId, GROUP_CONCAT(r.ROLE_NAME) roleName FROM t_user u LEFT JOIN t_dept d ON (u.dept_id = d.dept_id) LEFT JOIN t_user_role ur ON (u.user_id = ur.user_id) LEFT JOIN t_role r ON r.role_id = ur.role_id WHERE u.username = 'mrbird' group by u.username, u.user_id, u.password, u.email, u.mobile, u.STATUS, u.create_time, u.ssex, d.dept_id, d.dept_name, u.AVATAR, u.DESCRIPTION, u.LAST_LOGIN_TIME;
2023-04-24 21:42:15.424 febs [main] INFO  p6spy - 2023-04-24 21:42:15 | 耗时 1 ms | SQL 语句：
select r.* from t_role r left join t_user_role ur on (r.role_id = ur.role_id) left join t_user u on (u.user_id = ur.user_id) where u.username = 'mrbird';
2023-04-24 21:42:15.448 febs [main] INFO  p6spy - 2023-04-24 21:42:15 | 耗时 7 ms | SQL 语句：
select distinct m.perms from t_role r left join t_user_role ur on (r.role_id = ur.role_id) left join t_user u on (u.user_id = ur.user_id) left join t_role_menu rm on (rm.role_id = r.role_id) left join t_menu m on (m.menu_id = rm.menu_id) where u.username = 'mrbird' and m.perms is not null and m.perms <> '';
2023-04-24 21:42:15.470 febs [main] INFO  p6spy - 2023-04-24 21:42:15 | 耗时 2 ms | SQL 语句：
SELECT USER_ID,theme,layout,multi_page,fix_siderbar,fix_header,color FROM t_user_config WHERE USER_ID='1' ;
2023-04-24 21:42:15.476 febs [main] INFO  p6spy - 2023-04-24 21:42:15 | 耗时 1 ms | SQL 语句：
SELECT u.user_id userId, u.username, u.password, u.email, u.mobile, u. STATUS, u.create_time createTime, u.ssex, d.dept_id deptId, d.dept_name deptName, u.AVATAR, u.DESCRIPTION, u.LAST_LOGIN_TIME lastLoginTime, GROUP_CONCAT(r.role_id) roleId, GROUP_CONCAT(r.ROLE_NAME) roleName FROM t_user u LEFT JOIN t_dept d ON (u.dept_id = d.dept_id) LEFT JOIN t_user_role ur ON (u.user_id = ur.user_id) LEFT JOIN t_role r ON r.role_id = ur.role_id WHERE u.username = 'scott' group by u.username, u.user_id, u.password, u.email, u.mobile, u.STATUS, u.create_time, u.ssex, d.dept_id, d.dept_name, u.AVATAR, u.DESCRIPTION, u.LAST_LOGIN_TIME;
2023-04-24 21:42:15.479 febs [main] INFO  p6spy - 2023-04-24 21:42:15 | 耗时 1 ms | SQL 语句：
select r.* from t_role r left join t_user_role ur on (r.role_id = ur.role_id) left join t_user u on (u.user_id = ur.user_id) where u.username = 'scott';
2023-04-24 21:42:15.482 febs [main] INFO  p6spy - 2023-04-24 21:42:15 | 耗时 1 ms | SQL 语句：
select distinct m.perms from t_role r left join t_user_role ur on (r.role_id = ur.role_id) left join t_user u on (u.user_id = ur.user_id) left join t_role_menu rm on (rm.role_id = r.role_id) left join t_menu m on (m.menu_id = rm.menu_id) where u.username = 'scott' and m.perms is not null and m.perms <> '';
2023-04-24 21:42:15.486 febs [main] INFO  p6spy - 2023-04-24 21:42:15 | 耗时 0 ms | SQL 语句：
SELECT USER_ID,theme,layout,multi_page,fix_siderbar,fix_header,color FROM t_user_config WHERE USER_ID='2' ;
2023-04-24 21:42:15.489 febs [main] INFO  p6spy - 2023-04-24 21:42:15 | 耗时 0 ms | SQL 语句：
SELECT u.user_id userId, u.username, u.password, u.email, u.mobile, u. STATUS, u.create_time createTime, u.ssex, d.dept_id deptId, d.dept_name deptName, u.AVATAR, u.DESCRIPTION, u.LAST_LOGIN_TIME lastLoginTime, GROUP_CONCAT(r.role_id) roleId, GROUP_CONCAT(r.ROLE_NAME) roleName FROM t_user u LEFT JOIN t_dept d ON (u.dept_id = d.dept_id) LEFT JOIN t_user_role ur ON (u.user_id = ur.user_id) LEFT JOIN t_role r ON r.role_id = ur.role_id WHERE u.username = 'jack' group by u.username, u.user_id, u.password, u.email, u.mobile, u.STATUS, u.create_time, u.ssex, d.dept_id, d.dept_name, u.AVATAR, u.DESCRIPTION, u.LAST_LOGIN_TIME;
2023-04-24 21:42:15.492 febs [main] INFO  p6spy - 2023-04-24 21:42:15 | 耗时 0 ms | SQL 语句：
select r.* from t_role r left join t_user_role ur on (r.role_id = ur.role_id) left join t_user u on (u.user_id = ur.user_id) where u.username = 'jack';
2023-04-24 21:42:15.496 febs [main] INFO  p6spy - 2023-04-24 21:42:15 | 耗时 1 ms | SQL 语句：
select distinct m.perms from t_role r left join t_user_role ur on (r.role_id = ur.role_id) left join t_user u on (u.user_id = ur.user_id) left join t_role_menu rm on (rm.role_id = r.role_id) left join t_menu m on (m.menu_id = rm.menu_id) where u.username = 'jack' and m.perms is not null and m.perms <> '';
2023-04-24 21:42:15.499 febs [main] INFO  p6spy - 2023-04-24 21:42:15 | 耗时 0 ms | SQL 语句：
SELECT USER_ID,theme,layout,multi_page,fix_siderbar,fix_header,color FROM t_user_config WHERE USER_ID='12' ;
2023-04-24 21:42:15.502 febs [main] INFO  p6spy - 2023-04-24 21:42:15 | 耗时 1 ms | SQL 语句：
SELECT u.user_id userId, u.username, u.password, u.email, u.mobile, u. STATUS, u.create_time createTime, u.ssex, d.dept_id deptId, d.dept_name deptName, u.AVATAR, u.DESCRIPTION, u.LAST_LOGIN_TIME lastLoginTime, GROUP_CONCAT(r.role_id) roleId, GROUP_CONCAT(r.ROLE_NAME) roleName FROM t_user u LEFT JOIN t_dept d ON (u.dept_id = d.dept_id) LEFT JOIN t_user_role ur ON (u.user_id = ur.user_id) LEFT JOIN t_role r ON r.role_id = ur.role_id WHERE u.username = 'admin' group by u.username, u.user_id, u.password, u.email, u.mobile, u.STATUS, u.create_time, u.ssex, d.dept_id, d.dept_name, u.AVATAR, u.DESCRIPTION, u.LAST_LOGIN_TIME;
2023-04-24 21:42:15.507 febs [main] INFO  p6spy - 2023-04-24 21:42:15 | 耗时 0 ms | SQL 语句：
select r.* from t_role r left join t_user_role ur on (r.role_id = ur.role_id) left join t_user u on (u.user_id = ur.user_id) where u.username = 'admin';
2023-04-24 21:42:15.509 febs [main] INFO  p6spy - 2023-04-24 21:42:15 | 耗时 0 ms | SQL 语句：
select distinct m.perms from t_role r left join t_user_role ur on (r.role_id = ur.role_id) left join t_user u on (u.user_id = ur.user_id) left join t_role_menu rm on (rm.role_id = r.role_id) left join t_menu m on (m.menu_id = rm.menu_id) where u.username = 'admin' and m.perms is not null and m.perms <> '';
2023-04-24 21:42:15.512 febs [main] INFO  p6spy - 2023-04-24 21:42:15 | 耗时 0 ms | SQL 语句：
SELECT USER_ID,theme,layout,multi_page,fix_siderbar,fix_header,color FROM t_user_config WHERE USER_ID='13' ;
2023-04-24 21:42:15.516 febs [main] INFO  p6spy - 2023-04-24 21:42:15 | 耗时 1 ms | SQL 语句：
SELECT u.user_id userId, u.username, u.password, u.email, u.mobile, u. STATUS, u.create_time createTime, u.ssex, d.dept_id deptId, d.dept_name deptName, u.AVATAR, u.DESCRIPTION, u.LAST_LOGIN_TIME lastLoginTime, GROUP_CONCAT(r.role_id) roleId, GROUP_CONCAT(r.ROLE_NAME) roleName FROM t_user u LEFT JOIN t_dept d ON (u.dept_id = d.dept_id) LEFT JOIN t_user_role ur ON (u.user_id = ur.user_id) LEFT JOIN t_role r ON r.role_id = ur.role_id WHERE u.username = 'fank' group by u.username, u.user_id, u.password, u.email, u.mobile, u.STATUS, u.create_time, u.ssex, d.dept_id, d.dept_name, u.AVATAR, u.DESCRIPTION, u.LAST_LOGIN_TIME;
2023-04-24 21:42:15.520 febs [main] INFO  p6spy - 2023-04-24 21:42:15 | 耗时 1 ms | SQL 语句：
select r.* from t_role r left join t_user_role ur on (r.role_id = ur.role_id) left join t_user u on (u.user_id = ur.user_id) where u.username = 'fank';
2023-04-24 21:42:15.523 febs [main] INFO  p6spy - 2023-04-24 21:42:15 | 耗时 1 ms | SQL 语句：
select distinct m.perms from t_role r left join t_user_role ur on (r.role_id = ur.role_id) left join t_user u on (u.user_id = ur.user_id) left join t_role_menu rm on (rm.role_id = r.role_id) left join t_menu m on (m.menu_id = rm.menu_id) where u.username = 'fank' and m.perms is not null and m.perms <> '';
2023-04-24 21:42:15.524 febs [main] INFO  p6spy - 2023-04-24 21:42:15 | 耗时 0 ms | SQL 语句：
SELECT USER_ID,theme,layout,multi_page,fix_siderbar,fix_header,color FROM t_user_config WHERE USER_ID='14' ;
2023-04-24 21:42:15.527 febs [main] INFO  p6spy - 2023-04-24 21:42:15 | 耗时 0 ms | SQL 语句：
SELECT u.user_id userId, u.username, u.password, u.email, u.mobile, u. STATUS, u.create_time createTime, u.ssex, d.dept_id deptId, d.dept_name deptName, u.AVATAR, u.DESCRIPTION, u.LAST_LOGIN_TIME lastLoginTime, GROUP_CONCAT(r.role_id) roleId, GROUP_CONCAT(r.ROLE_NAME) roleName FROM t_user u LEFT JOIN t_dept d ON (u.dept_id = d.dept_id) LEFT JOIN t_user_role ur ON (u.user_id = ur.user_id) LEFT JOIN t_role r ON r.role_id = ur.role_id WHERE u.username = 'sungou' group by u.username, u.user_id, u.password, u.email, u.mobile, u.STATUS, u.create_time, u.ssex, d.dept_id, d.dept_name, u.AVATAR, u.DESCRIPTION, u.LAST_LOGIN_TIME;
2023-04-24 21:42:15.530 febs [main] INFO  p6spy - 2023-04-24 21:42:15 | 耗时 1 ms | SQL 语句：
select r.* from t_role r left join t_user_role ur on (r.role_id = ur.role_id) left join t_user u on (u.user_id = ur.user_id) where u.username = 'sungou';
2023-04-24 21:42:15.533 febs [main] INFO  p6spy - 2023-04-24 21:42:15 | 耗时 0 ms | SQL 语句：
select distinct m.perms from t_role r left join t_user_role ur on (r.role_id = ur.role_id) left join t_user u on (u.user_id = ur.user_id) left join t_role_menu rm on (rm.role_id = r.role_id) left join t_menu m on (m.menu_id = rm.menu_id) where u.username = 'sungou' and m.perms is not null and m.perms <> '';
2023-04-24 21:42:15.535 febs [main] INFO  p6spy - 2023-04-24 21:42:15 | 耗时 0 ms | SQL 语句：
SELECT USER_ID,theme,layout,multi_page,fix_siderbar,fix_header,color FROM t_user_config WHERE USER_ID='15' ;
2023-04-24 21:42:15.537 febs [main] INFO  p6spy - 2023-04-24 21:42:15 | 耗时 0 ms | SQL 语句：
SELECT u.user_id userId, u.username, u.password, u.email, u.mobile, u. STATUS, u.create_time createTime, u.ssex, d.dept_id deptId, d.dept_name deptName, u.AVATAR, u.DESCRIPTION, u.LAST_LOGIN_TIME lastLoginTime, GROUP_CONCAT(r.role_id) roleId, GROUP_CONCAT(r.ROLE_NAME) roleName FROM t_user u LEFT JOIN t_dept d ON (u.dept_id = d.dept_id) LEFT JOIN t_user_role ur ON (u.user_id = ur.user_id) LEFT JOIN t_role r ON r.role_id = ur.role_id WHERE u.username = '荍荍加油' group by u.username, u.user_id, u.password, u.email, u.mobile, u.STATUS, u.create_time, u.ssex, d.dept_id, d.dept_name, u.AVATAR, u.DESCRIPTION, u.LAST_LOGIN_TIME;
2023-04-24 21:42:15.540 febs [main] INFO  p6spy - 2023-04-24 21:42:15 | 耗时 0 ms | SQL 语句：
select r.* from t_role r left join t_user_role ur on (r.role_id = ur.role_id) left join t_user u on (u.user_id = ur.user_id) where u.username = '荍荍加油';
2023-04-24 21:42:15.542 febs [main] INFO  p6spy - 2023-04-24 21:42:15 | 耗时 0 ms | SQL 语句：
select distinct m.perms from t_role r left join t_user_role ur on (r.role_id = ur.role_id) left join t_user u on (u.user_id = ur.user_id) left join t_role_menu rm on (rm.role_id = r.role_id) left join t_menu m on (m.menu_id = rm.menu_id) where u.username = '荍荍加油' and m.perms is not null and m.perms <> '';
2023-04-24 21:42:15.544 febs [main] INFO  p6spy - 2023-04-24 21:42:15 | 耗时 0 ms | SQL 语句：
SELECT USER_ID,theme,layout,multi_page,fix_siderbar,fix_header,color FROM t_user_config WHERE USER_ID='16' ;
2023-04-24 21:42:15.545 febs [main] INFO  c.m.f.common.runner.StartedUpRunner -  __    ___   _      ___   _     ____ _____  ____ 
2023-04-24 21:42:15.545 febs [main] INFO  c.m.f.common.runner.StartedUpRunner - / /`  / / \ | |\/| | |_) | |   | |_   | |  | |_  
2023-04-24 21:42:15.545 febs [main] INFO  c.m.f.common.runner.StartedUpRunner - \_\_, \_\_/ |_|  | |_|   |_|__ |_|__  |_|  |_|__ 
2023-04-24 21:42:15.545 febs [main] INFO  c.m.f.common.runner.StartedUpRunner -                                                       
2023-04-24 21:42:15.546 febs [main] INFO  c.m.f.common.runner.StartedUpRunner - FEBS 启动完毕，时间：2023-04-24T21:42:15.546
2023-04-24 21:42:16.182 febs [Quartz Scheduler [MyScheduler]] INFO  o.s.s.quartz.SchedulerFactoryBean - Starting Quartz Scheduler now, after delay of 1 seconds
2023-04-24 21:42:16.198 febs [Quartz Scheduler [MyScheduler]] INFO  o.s.s.quartz.LocalDataSourceJobStore - ClusterManager: detected 1 failed or restarted instances.
2023-04-24 21:42:16.198 febs [Quartz Scheduler [MyScheduler]] INFO  o.s.s.quartz.LocalDataSourceJobStore - ClusterManager: Scanning for instance "DESKTOP-ITVOUJ51682243082547"'s failed in-progress jobs.
2023-04-24 21:42:16.206 febs [Quartz Scheduler [MyScheduler]] INFO  org.quartz.core.QuartzScheduler - Scheduler MyScheduler_$_DESKTOP-ITVOUJ51682343730846 started.
2023-04-24 21:42:16.253 febs [RMI TCP Connection(5)-192.168.56.1] INFO  o.a.c.c.C.[Tomcat].[localhost].[/] - Initializing Spring DispatcherServlet 'dispatcherServlet'
2023-04-24 21:42:16.254 febs [RMI TCP Connection(5)-192.168.56.1] INFO  o.s.web.servlet.DispatcherServlet - Initializing Servlet 'dispatcherServlet'
2023-04-24 21:42:16.256 febs [RMI TCP Connection(6)-192.168.56.1] INFO  p6spy - 2023-04-24 21:42:16 | 耗时 0 ms | SQL 语句：
/* ping */ SELECT 1;
2023-04-24 21:42:16.277 febs [RMI TCP Connection(5)-192.168.56.1] INFO  o.s.web.servlet.DispatcherServlet - Completed initialization in 23 ms
2023-04-24 22:02:52.227 febs [http-nio-9527-exec-1] INFO  c.m.febs.common.aspect.LimitAspect - IP:127.0.0.1 第 1 次访问key为 [limit_login127.0.0.1]，描述为 [登录接口] 的接口
2023-04-24 22:02:58.571 febs [http-nio-9527-exec-3] INFO  c.m.febs.common.aspect.LimitAspect - IP:127.0.0.1 第 2 次访问key为 [limit_login127.0.0.1]，描述为 [登录接口] 的接口
2023-04-24 22:02:58.672 febs [http-nio-9527-exec-3] INFO  p6spy - 2023-04-24 22:02:58 | 耗时 8 ms | SQL 语句：
UPDATE t_user SET last_login_time='2023-04-24T22:02:58.589+0800' WHERE username = 'fank';
2023-04-24 22:02:58.678 febs [http-nio-9527-exec-3] INFO  p6spy - 2023-04-24 22:02:58 | 耗时 2 ms | SQL 语句：
SELECT u.user_id userId, u.username, u.password, u.email, u.mobile, u. STATUS, u.create_time createTime, u.ssex, d.dept_id deptId, d.dept_name deptName, u.AVATAR, u.DESCRIPTION, u.LAST_LOGIN_TIME lastLoginTime, GROUP_CONCAT(r.role_id) roleId, GROUP_CONCAT(r.ROLE_NAME) roleName FROM t_user u LEFT JOIN t_dept d ON (u.dept_id = d.dept_id) LEFT JOIN t_user_role ur ON (u.user_id = ur.user_id) LEFT JOIN t_role r ON r.role_id = ur.role_id WHERE u.username = 'fank' group by u.username, u.user_id, u.password, u.email, u.mobile, u.STATUS, u.create_time, u.ssex, d.dept_id, d.dept_name, u.AVATAR, u.DESCRIPTION, u.LAST_LOGIN_TIME;
2023-04-24 22:02:58.780 febs [http-nio-9527-exec-3] INFO  p6spy - 2023-04-24 22:02:58 | 耗时 65 ms | SQL 语句：
INSERT INTO t_login_log ( username, login_time, location, ip ) VALUES ( 'fank', '2023-04-24T22:02:58.697+0800', '', '127.0.0.1' );
2023-04-24 22:02:58.981 febs [http-nio-9527-exec-9] INFO  c.m.f.common.authentication.JWTUtil - token is valid
2023-04-24 22:02:59.031 febs [http-nio-9527-exec-9] INFO  p6spy - 2023-04-24 22:02:59 | 耗时 4 ms | SQL 语句：
select m.* from t_menu m where m.type <> 1 and m.MENU_ID in (select distinct rm.menu_id from t_role_menu rm left join t_role r on (rm.role_id = r.role_id) left join t_user_role ur on (ur.role_id = r.role_id) left join t_user u on (u.user_id = ur.user_id) where u.username = 'fank') order by m.order_num;
2023-04-24 22:02:59.321 febs [http-nio-9527-exec-5] INFO  c.m.f.common.authentication.JWTUtil - token is valid
2023-04-24 22:02:59.325 febs [http-nio-9527-exec-10] INFO  c.m.f.common.authentication.JWTUtil - token is valid
2023-04-24 22:02:59.350 febs [http-nio-9527-exec-10] INFO  p6spy - 2023-04-24 22:02:59 | 耗时 18 ms | SQL 语句：
select count(1) from t_login_log;
2023-04-24 22:02:59.357 febs [http-nio-9527-exec-10] INFO  p6spy - 2023-04-24 22:02:59 | 耗时 3 ms | SQL 语句：
select count(1) from t_login_log where datediff(login_time,now())=0;
2023-04-24 22:02:59.361 febs [http-nio-9527-exec-10] INFO  p6spy - 2023-04-24 22:02:59 | 耗时 1 ms | SQL 语句：
select count(distinct(ip)) from t_login_log where datediff(login_time,now())=0;
2023-04-24 22:02:59.366 febs [http-nio-9527-exec-10] INFO  p6spy - 2023-04-24 22:02:59 | 耗时 2 ms | SQL 语句：
select date_format(l.login_time, '%m-%d') days, count(1) count from ( select * from t_login_log where date_sub(curdate(), interval 7 day) <= date(login_time) ) as l where 1 = 1 group by days;
2023-04-24 22:02:59.371 febs [http-nio-9527-exec-10] INFO  p6spy - 2023-04-24 22:02:59 | 耗时 1 ms | SQL 语句：
select date_format(l.login_time, '%m-%d') days, count(1) count from ( select * from t_login_log where date_sub(curdate(), interval 7 day) <= date(login_time) ) as l where 1 = 1 and l.username = 'fank' group by days;
2023-04-24 22:02:59.382 febs [http-nio-9527-exec-5] INFO  p6spy - 2023-04-24 22:02:59 | 耗时 21 ms | SQL 语句：
SELECT COUNT( 1 ) FROM owner_info;
2023-04-24 22:02:59.397 febs [http-nio-9527-exec-5] INFO  p6spy - 2023-04-24 22:02:59 | 耗时 11 ms | SQL 语句：
SELECT COUNT( 1 ) FROM houses_info;
2023-04-24 22:02:59.421 febs [http-nio-9527-exec-5] INFO  p6spy - 2023-04-24 22:02:59 | 耗时 20 ms | SQL 语句：
SELECT * FROM ( SELECT IFNULL(SUM( pm.price ), 0) AS received FROM payment_manage pm ) AS on1, ( SELECT IFNULL(SUM( pm.price ),0) AS advance FROM payment_manage pm, payment_record pr WHERE pr.payment_id = pm.id ) AS on2;
2023-04-24 22:02:59.447 febs [http-nio-9527-exec-5] INFO  p6spy - 2023-04-24 22:02:59 | 耗时 10 ms | SQL 语句：
SELECT ID,title,content,date,images,publisher FROM bulletin_info;
2023-04-24 22:02:59.457 febs [http-nio-9527-exec-5] INFO  p6spy - 2023-04-24 22:02:59 | 耗时 4 ms | SQL 语句：
SELECT * FROM (SELECT IFNULL(SUM( pm.price ) ,0) AS month1 FROM payment_manage pm WHERE DATE_FORMAT( concat( pm.`year`, '-', pm.`month`, '-', '01' ), '%Y-%m' ) = DATE_FORMAT(concat( DATE_FORMAT( NOW(), '%Y' ), '-', '1', '-', '01' ), '%Y-%m')) AS on1, (SELECT IFNULL(SUM( pm.price ) ,0) AS month2 FROM payment_manage pm WHERE DATE_FORMAT( concat( pm.`year`, '-', pm.`month`, '-', '01' ), '%Y-%m' ) = DATE_FORMAT(concat( DATE_FORMAT( NOW(), '%Y' ), '-', '2', '-', '01' ), '%Y-%m')) AS on2, (SELECT IFNULL(SUM( pm.price ) ,0) AS month3 FROM payment_manage pm WHERE DATE_FORMAT( concat( pm.`year`, '-', pm.`month`, '-', '01' ), '%Y-%m' ) = DATE_FORMAT(concat( DATE_FORMAT( NOW(), '%Y' ), '-', '3', '-', '01' ), '%Y-%m')) AS on3, (SELECT IFNULL(SUM( pm.price ) ,0) AS month4 FROM payment_manage pm WHERE DATE_FORMAT( concat( pm.`year`, '-', pm.`month`, '-', '01' ), '%Y-%m' ) = DATE_FORMAT(concat( DATE_FORMAT( NOW(), '%Y' ), '-', '4', '-', '01' ), '%Y-%m')) AS on12, (SELECT IFNULL(SUM( pm.price ) ,0) AS month5 FROM payment_manage pm WHERE DATE_FORMAT( concat( pm.`year`, '-', pm.`month`, '-', '01' ), '%Y-%m' ) = DATE_FORMAT(concat( DATE_FORMAT( NOW(), '%Y' ), '-', '5', '-', '01' ), '%Y-%m')) AS on4, (SELECT IFNULL(SUM( pm.price ) ,0) AS month6 FROM payment_manage pm WHERE DATE_FORMAT( concat( pm.`year`, '-', pm.`month`, '-', '01' ), '%Y-%m' ) = DATE_FORMAT(concat( DATE_FORMAT( NOW(), '%Y' ), '-', '6', '-', '01' ), '%Y-%m')) AS on5, (SELECT IFNULL(SUM( pm.price ) ,0) AS month7 FROM payment_manage pm WHERE DATE_FORMAT( concat( pm.`year`, '-', pm.`month`, '-', '01' ), '%Y-%m' ) = DATE_FORMAT(concat( DATE_FORMAT( NOW(), '%Y' ), '-', '7', '-', '01' ), '%Y-%m')) AS on6, (SELECT IFNULL(SUM( pm.price ) ,0) AS month8 FROM payment_manage pm WHERE DATE_FORMAT( concat( pm.`year`, '-', pm.`month`, '-', '01' ), '%Y-%m' ) = DATE_FORMAT(concat( DATE_FORMAT( NOW(), '%Y' ), '-', '8', '-', '01' ), '%Y-%m')) AS on7, (SELECT IFNULL(SUM( pm.price ) ,0) AS month9 FROM payment_manage pm WHERE DATE_FORMAT( concat( pm.`year`, '-', pm.`month`, '-', '01' ), '%Y-%m' ) = DATE_FORMAT(concat( DATE_FORMAT( NOW(), '%Y' ), '-', '9', '-', '01' ), '%Y-%m')) AS on8, (SELECT IFNULL(SUM( pm.price ) ,0) AS month10 FROM payment_manage pm WHERE DATE_FORMAT( concat( pm.`year`, '-', pm.`month`, '-', '01' ), '%Y-%m' ) = DATE_FORMAT(concat( DATE_FORMAT( NOW(), '%Y' ), '-', '10', '-', '01' ), '%Y-%m')) AS on9, (SELECT IFNULL(SUM( pm.price ) ,0) AS month11 FROM payment_manage pm WHERE DATE_FORMAT( concat( pm.`year`, '-', pm.`month`, '-', '01' ), '%Y-%m' ) = DATE_FORMAT(concat( DATE_FORMAT( NOW(), '%Y' ), '-', '11', '-', '01' ), '%Y-%m')) AS on10, (SELECT IFNULL(SUM( pm.price ) ,0) AS month12 FROM payment_manage pm WHERE DATE_FORMAT( concat( pm.`year`, '-', pm.`month`, '-', '01' ), '%Y-%m' ) = DATE_FORMAT(concat( DATE_FORMAT( NOW(), '%Y' ), '-', '12', '-', '01' ), '%Y-%m')) AS on11;
2023-04-24 22:02:59.461 febs [http-nio-9527-exec-5] INFO  p6spy - 2023-04-24 22:02:59 | 耗时 1 ms | SQL 语句：
SELECT COUNT( 1 ) AS num, CASE nature WHEN 1 THEN '住宅楼房' WHEN 2 THEN '社区用处' END AS nature FROM houses_info hi GROUP BY hi.nature;
2023-04-24 22:12:11.636 febs [http-nio-9527-exec-9] INFO  c.m.f.common.authentication.JWTUtil - token is valid
2023-04-24 22:12:11.634 febs [http-nio-9527-exec-4] INFO  c.m.f.common.authentication.JWTUtil - token is valid
2023-04-24 22:12:11.699 febs [http-nio-9527-exec-4] INFO  p6spy - 2023-04-24 22:12:11 | 耗时 4 ms | SQL 语句：
select count(1) from t_login_log;
2023-04-24 22:12:11.699 febs [http-nio-9527-exec-9] INFO  p6spy - 2023-04-24 22:12:11 | 耗时 4 ms | SQL 语句：
SELECT COUNT( 1 ) FROM owner_info;
2023-04-24 22:12:11.705 febs [http-nio-9527-exec-9] INFO  p6spy - 2023-04-24 22:12:11 | 耗时 1 ms | SQL 语句：
SELECT COUNT( 1 ) FROM houses_info;
2023-04-24 22:12:11.705 febs [http-nio-9527-exec-4] INFO  p6spy - 2023-04-24 22:12:11 | 耗时 0 ms | SQL 语句：
select count(1) from t_login_log where datediff(login_time,now())=0;
2023-04-24 22:12:11.707 febs [http-nio-9527-exec-4] INFO  p6spy - 2023-04-24 22:12:11 | 耗时 0 ms | SQL 语句：
select count(distinct(ip)) from t_login_log where datediff(login_time,now())=0;
2023-04-24 22:12:11.707 febs [http-nio-9527-exec-9] INFO  p6spy - 2023-04-24 22:12:11 | 耗时 1 ms | SQL 语句：
SELECT * FROM ( SELECT IFNULL(SUM( pm.price ), 0) AS received FROM payment_manage pm ) AS on1, ( SELECT IFNULL(SUM( pm.price ),0) AS advance FROM payment_manage pm, payment_record pr WHERE pr.payment_id = pm.id ) AS on2;
2023-04-24 22:12:11.710 febs [http-nio-9527-exec-4] INFO  p6spy - 2023-04-24 22:12:11 | 耗时 1 ms | SQL 语句：
select date_format(l.login_time, '%m-%d') days, count(1) count from ( select * from t_login_log where date_sub(curdate(), interval 7 day) <= date(login_time) ) as l where 1 = 1 group by days;
2023-04-24 22:12:11.713 febs [http-nio-9527-exec-9] INFO  p6spy - 2023-04-24 22:12:11 | 耗时 0 ms | SQL 语句：
SELECT ID,title,content,date,images,publisher FROM bulletin_info;
2023-04-24 22:12:11.716 febs [http-nio-9527-exec-4] INFO  p6spy - 2023-04-24 22:12:11 | 耗时 0 ms | SQL 语句：
select date_format(l.login_time, '%m-%d') days, count(1) count from ( select * from t_login_log where date_sub(curdate(), interval 7 day) <= date(login_time) ) as l where 1 = 1 and l.username = 'fank' group by days;
2023-04-24 22:12:11.721 febs [http-nio-9527-exec-9] INFO  p6spy - 2023-04-24 22:12:11 | 耗时 2 ms | SQL 语句：
SELECT * FROM (SELECT IFNULL(SUM( pm.price ) ,0) AS month1 FROM payment_manage pm WHERE DATE_FORMAT( concat( pm.`year`, '-', pm.`month`, '-', '01' ), '%Y-%m' ) = DATE_FORMAT(concat( DATE_FORMAT( NOW(), '%Y' ), '-', '1', '-', '01' ), '%Y-%m')) AS on1, (SELECT IFNULL(SUM( pm.price ) ,0) AS month2 FROM payment_manage pm WHERE DATE_FORMAT( concat( pm.`year`, '-', pm.`month`, '-', '01' ), '%Y-%m' ) = DATE_FORMAT(concat( DATE_FORMAT( NOW(), '%Y' ), '-', '2', '-', '01' ), '%Y-%m')) AS on2, (SELECT IFNULL(SUM( pm.price ) ,0) AS month3 FROM payment_manage pm WHERE DATE_FORMAT( concat( pm.`year`, '-', pm.`month`, '-', '01' ), '%Y-%m' ) = DATE_FORMAT(concat( DATE_FORMAT( NOW(), '%Y' ), '-', '3', '-', '01' ), '%Y-%m')) AS on3, (SELECT IFNULL(SUM( pm.price ) ,0) AS month4 FROM payment_manage pm WHERE DATE_FORMAT( concat( pm.`year`, '-', pm.`month`, '-', '01' ), '%Y-%m' ) = DATE_FORMAT(concat( DATE_FORMAT( NOW(), '%Y' ), '-', '4', '-', '01' ), '%Y-%m')) AS on12, (SELECT IFNULL(SUM( pm.price ) ,0) AS month5 FROM payment_manage pm WHERE DATE_FORMAT( concat( pm.`year`, '-', pm.`month`, '-', '01' ), '%Y-%m' ) = DATE_FORMAT(concat( DATE_FORMAT( NOW(), '%Y' ), '-', '5', '-', '01' ), '%Y-%m')) AS on4, (SELECT IFNULL(SUM( pm.price ) ,0) AS month6 FROM payment_manage pm WHERE DATE_FORMAT( concat( pm.`year`, '-', pm.`month`, '-', '01' ), '%Y-%m' ) = DATE_FORMAT(concat( DATE_FORMAT( NOW(), '%Y' ), '-', '6', '-', '01' ), '%Y-%m')) AS on5, (SELECT IFNULL(SUM( pm.price ) ,0) AS month7 FROM payment_manage pm WHERE DATE_FORMAT( concat( pm.`year`, '-', pm.`month`, '-', '01' ), '%Y-%m' ) = DATE_FORMAT(concat( DATE_FORMAT( NOW(), '%Y' ), '-', '7', '-', '01' ), '%Y-%m')) AS on6, (SELECT IFNULL(SUM( pm.price ) ,0) AS month8 FROM payment_manage pm WHERE DATE_FORMAT( concat( pm.`year`, '-', pm.`month`, '-', '01' ), '%Y-%m' ) = DATE_FORMAT(concat( DATE_FORMAT( NOW(), '%Y' ), '-', '8', '-', '01' ), '%Y-%m')) AS on7, (SELECT IFNULL(SUM( pm.price ) ,0) AS month9 FROM payment_manage pm WHERE DATE_FORMAT( concat( pm.`year`, '-', pm.`month`, '-', '01' ), '%Y-%m' ) = DATE_FORMAT(concat( DATE_FORMAT( NOW(), '%Y' ), '-', '9', '-', '01' ), '%Y-%m')) AS on8, (SELECT IFNULL(SUM( pm.price ) ,0) AS month10 FROM payment_manage pm WHERE DATE_FORMAT( concat( pm.`year`, '-', pm.`month`, '-', '01' ), '%Y-%m' ) = DATE_FORMAT(concat( DATE_FORMAT( NOW(), '%Y' ), '-', '10', '-', '01' ), '%Y-%m')) AS on9, (SELECT IFNULL(SUM( pm.price ) ,0) AS month11 FROM payment_manage pm WHERE DATE_FORMAT( concat( pm.`year`, '-', pm.`month`, '-', '01' ), '%Y-%m' ) = DATE_FORMAT(concat( DATE_FORMAT( NOW(), '%Y' ), '-', '11', '-', '01' ), '%Y-%m')) AS on10, (SELECT IFNULL(SUM( pm.price ) ,0) AS month12 FROM payment_manage pm WHERE DATE_FORMAT( concat( pm.`year`, '-', pm.`month`, '-', '01' ), '%Y-%m' ) = DATE_FORMAT(concat( DATE_FORMAT( NOW(), '%Y' ), '-', '12', '-', '01' ), '%Y-%m')) AS on11;
2023-04-24 22:12:11.724 febs [http-nio-9527-exec-9] INFO  p6spy - 2023-04-24 22:12:11 | 耗时 0 ms | SQL 语句：
SELECT COUNT( 1 ) AS num, CASE nature WHEN 1 THEN '住宅楼房' WHEN 2 THEN '社区用处' END AS nature FROM houses_info hi GROUP BY hi.nature;
2023-04-24 22:30:46.090 febs [Thread-31] INFO  org.quartz.core.QuartzScheduler - Scheduler MyScheduler_$_DESKTOP-ITVOUJ51682343730846 paused.
2023-04-24 22:30:46.193 febs [Thread-31] INFO  o.s.s.c.ThreadPoolTaskScheduler - Shutting down ExecutorService 'taskScheduler'
2023-04-24 22:30:46.294 febs [Thread-31] INFO  o.s.s.c.ThreadPoolTaskExecutor - Shutting down ExecutorService 'taskExecutor'
2023-04-24 22:30:46.294 febs [Thread-31] INFO  o.s.s.quartz.SchedulerFactoryBean - Shutting down Quartz Scheduler
2023-04-24 22:30:46.294 febs [Thread-31] INFO  org.quartz.core.QuartzScheduler - Scheduler MyScheduler_$_DESKTOP-ITVOUJ51682343730846 shutting down.
2023-04-24 22:30:46.294 febs [Thread-31] INFO  org.quartz.core.QuartzScheduler - Scheduler MyScheduler_$_DESKTOP-ITVOUJ51682343730846 paused.
2023-04-24 22:30:46.297 febs [Thread-31] INFO  org.quartz.core.QuartzScheduler - Scheduler MyScheduler_$_DESKTOP-ITVOUJ51682343730846 shutdown complete.
2023-04-24 22:30:46.317 febs [Thread-31] INFO  c.b.d.d.DynamicRoutingDataSource - closing dynamicDatasource  ing....
2023-04-24 22:30:46.322 febs [Thread-31] INFO  com.zaxxer.hikari.HikariDataSource - primary - Shutdown initiated...
2023-04-24 22:30:46.334 febs [Thread-31] INFO  com.zaxxer.hikari.HikariDataSource - primary - Shutdown completed.
