2023-04-26 00:05:12.702 febs [http-nio-9527-exec-1] INFO  c.m.f.common.authentication.JWTUtil - token is valid
2023-04-26 00:05:12.711 febs [http-nio-9527-exec-7] INFO  c.m.f.common.authentication.JWTUtil - token is valid
2023-04-26 00:05:12.702 febs [http-nio-9527-exec-3] INFO  c.m.f.common.authentication.JWTUtil - token is valid
2023-04-26 00:05:12.718 febs [http-nio-9527-exec-6] INFO  c.m.f.common.authentication.JWTUtil - token is valid
2023-04-26 00:05:12.724 febs [http-nio-9527-exec-3] INFO  p6spy - 2023-04-26 00:05:12 | 耗时 1 ms | SQL 语句：
SELECT ID,name,address,street,community,usage_area,surface_area,type,rooms,units,layers,images,create_date FROM building_info;
2023-04-26 00:05:12.732 febs [http-nio-9527-exec-6] INFO  p6spy - 2023-04-26 00:05:12 | 耗时 2 ms | SQL 语句：
SELECT ID,name,phone,id_number,images,user_id,create_date FROM owner_info;
2023-04-26 00:05:12.745 febs [http-nio-9527-exec-1] INFO  p6spy - 2023-04-26 00:05:12 | 耗时 3 ms | SQL 语句：
SELECT ID,name,phone,image,type,create_date FROM worker_info WHERE type = 1;
2023-04-26 00:05:12.772 febs [http-nio-9527-exec-7] INFO  p6spy - 2023-04-26 00:05:12 | 耗时 1 ms | SQL 语句：
SELECT COUNT(1) FROM houses_info hi LEFT JOIN building_info bi ON (bi.id = hi.building_id) LEFT JOIN owner_info oi ON (oi.id = hi.owner_id) LEFT JOIN worker_info wi ON (wi.id = hi.staff_id) WHERE 1 = 1;
2023-04-26 00:05:12.774 febs [http-nio-9527-exec-7] INFO  p6spy - 2023-04-26 00:05:12 | 耗时 1 ms | SQL 语句：
SELECT hi.id, hi.address, hi.building_id AS buildingId, hi.number, hi.floor, hi.usage_area AS usageArea, hi.surface_area AS surfaceArea, hi.nature, hi.rooms, hi.staff_id AS staffId, hi.owner_id AS ownerId, hi.buyer, hi.create_date AS createDate, oi.name, oi.phone, oi.id_number AS idNumber, bi.name AS buildName, bi.address AS buildAddress, bi.street, bi.community, bi.usage_area AS buildUsageArea, bi.surface_area AS buildSurfaceArea, bi.type, bi.rooms AS buildRooms, bi.units, bi.layers, bi.images, wi.name AS workerName, wi.phone AS workerPhone, wi.image AS workerImage FROM houses_info hi LEFT JOIN building_info bi ON ( bi.id = hi.building_id ) LEFT JOIN owner_info oi ON ( oi.id = hi.owner_id ) LEFT JOIN worker_info wi ON (wi.id = hi.staff_id) WHERE 1 = 1 ORDER BY hi.create_date DESC LIMIT 0,10;
2023-04-26 00:05:29.516 febs [http-nio-9527-exec-4] INFO  c.m.f.common.authentication.JWTUtil - token is valid
2023-04-26 00:05:29.516 febs [http-nio-9527-exec-5] INFO  c.m.f.common.authentication.JWTUtil - token is valid
2023-04-26 00:05:29.520 febs [http-nio-9527-exec-4] INFO  p6spy - 2023-04-26 00:05:29 | 耗时 0 ms | SQL 语句：
SELECT ID,name,phone,id_number,images,user_id,create_date FROM owner_info;
2023-04-26 00:05:29.521 febs [http-nio-9527-exec-5] INFO  p6spy - 2023-04-26 00:05:29 | 耗时 0 ms | SQL 语句：
SELECT ID,name,phone,image,type,create_date FROM worker_info WHERE type = 1;
2023-04-26 00:05:29.525 febs [http-nio-9527-exec-2] INFO  c.m.f.common.authentication.JWTUtil - token is valid
2023-04-26 00:05:29.528 febs [http-nio-9527-exec-2] INFO  p6spy - 2023-04-26 00:05:29 | 耗时 0 ms | SQL 语句：
SELECT ID,name,address,street,community,usage_area,surface_area,type,rooms,units,layers,images,create_date FROM building_info;
2023-04-26 00:05:32.597 febs [http-nio-9527-exec-1] INFO  c.m.f.common.authentication.JWTUtil - token is valid
2023-04-26 00:05:32.597 febs [http-nio-9527-exec-6] INFO  c.m.f.common.authentication.JWTUtil - token is valid
2023-04-26 00:05:32.597 febs [http-nio-9527-exec-3] INFO  c.m.f.common.authentication.JWTUtil - token is valid
2023-04-26 00:05:32.603 febs [http-nio-9527-exec-6] INFO  p6spy - 2023-04-26 00:05:32 | 耗时 0 ms | SQL 语句：
SELECT ID,name,address,street,community,usage_area,surface_area,type,rooms,units,layers,images,create_date FROM building_info;
2023-04-26 00:05:32.603 febs [http-nio-9527-exec-3] INFO  p6spy - 2023-04-26 00:05:32 | 耗时 3 ms | SQL 语句：
SELECT ID,name,phone,id_number,images,user_id,create_date FROM owner_info;
2023-04-26 00:05:32.613 febs [http-nio-9527-exec-1] INFO  p6spy - 2023-04-26 00:05:32 | 耗时 3 ms | SQL 语句：
SELECT ID,name,phone,image,type,create_date FROM worker_info WHERE type = 1;
2023-04-26 00:05:35.027 febs [http-nio-9527-exec-10] INFO  c.m.f.common.authentication.JWTUtil - token is valid
2023-04-26 00:05:35.034 febs [http-nio-9527-exec-10] INFO  p6spy - 2023-04-26 00:05:35 | 耗时 1 ms | SQL 语句：
SELECT COUNT(1) FROM building_info bi WHERE 1 = 1;
2023-04-26 00:05:35.036 febs [http-nio-9527-exec-10] INFO  p6spy - 2023-04-26 00:05:35 | 耗时 0 ms | SQL 语句：
SELECT bi.id, bi.name, bi.address, bi.street, bi.community, bi.usage_area AS usageArea, bi.surface_area AS surfaceArea, bi.type, bi.rooms, bi.units, bi.layers, bi.images, bi.create_date AS createDate FROM building_info bi WHERE 1 = 1 ORDER BY bi.create_date DESC LIMIT 0,10;
2023-04-26 00:10:35.193 febs [Thread-18] INFO  org.quartz.core.QuartzScheduler - Scheduler MyScheduler_$_DESKTOP-ITVOUJ51682431904416 paused.
2023-04-26 00:10:35.203 febs [Thread-18] INFO  o.s.s.c.ThreadPoolTaskScheduler - Shutting down ExecutorService 'taskScheduler'
2023-04-26 00:10:35.246 febs [Thread-18] INFO  o.s.s.c.ThreadPoolTaskExecutor - Shutting down ExecutorService 'taskExecutor'
2023-04-26 00:10:35.247 febs [Thread-18] INFO  o.s.s.quartz.SchedulerFactoryBean - Shutting down Quartz Scheduler
2023-04-26 00:10:35.247 febs [Thread-18] INFO  org.quartz.core.QuartzScheduler - Scheduler MyScheduler_$_DESKTOP-ITVOUJ51682431904416 shutting down.
2023-04-26 00:10:35.247 febs [Thread-18] INFO  org.quartz.core.QuartzScheduler - Scheduler MyScheduler_$_DESKTOP-ITVOUJ51682431904416 paused.
2023-04-26 00:10:35.250 febs [Thread-18] INFO  org.quartz.core.QuartzScheduler - Scheduler MyScheduler_$_DESKTOP-ITVOUJ51682431904416 shutdown complete.
2023-04-26 00:10:35.262 febs [Thread-18] INFO  c.b.d.d.DynamicRoutingDataSource - closing dynamicDatasource  ing....
2023-04-26 00:10:35.265 febs [Thread-18] INFO  com.zaxxer.hikari.HikariDataSource - primary - Shutdown initiated...
2023-04-26 00:10:35.272 febs [Thread-18] INFO  com.zaxxer.hikari.HikariDataSource - primary - Shutdown completed.
